#! /d/a/fpga-toolchain-build/fpga-toolchain-build/iverilog/_install/bin/vvp
:ivl_version "11.0 (stable)" "(d3b0992)";
:ivl_delay_selection "TYPICAL";
:vpi_time_precision - 12;
:vpi_module "C:\Users\pranj\tools\iverilog\lib\ivl\system.vpi";
:vpi_module "C:\Users\pranj\tools\iverilog\lib\ivl\vhdl_sys.vpi";
:vpi_module "C:\Users\pranj\tools\iverilog\lib\ivl\vhdl_textio.vpi";
:vpi_module "C:\Users\pranj\tools\iverilog\lib\ivl\v2005_math.vpi";
:vpi_module "C:\Users\pranj\tools\iverilog\lib\ivl\va_math.vpi";
:vpi_module "C:\Users\pranj\tools\iverilog\lib\ivl\v2009.vpi";
S_000002656b85bdd0 .scope package, "$unit" "$unit" 2 1;
 .timescale 0 0;
S_000002656b78b890 .scope module, "tb_uart_rx_unit" "tb_uart_rx_unit" 3 3;
 .timescale -9 -12;
P_000002656b85bf60 .param/l "CLKS_PER_BIT" 1 3 6, +C4<00000000000000000000000000000011>;
P_000002656b85bf98 .param/l "CLK_PERIOD" 1 3 5, +C4<00000000000000000000000000001010>;
v000002656b78a680_0 .var "clk", 0 0;
v000002656b78a720_0 .var/i "i", 31 0;
v000002656b78a7c0_0 .var "rst_n", 0 0;
v000002656b789d20_0 .var "rx", 0 0;
v000002656b7898c0_0 .net "rx_data", 7 0, v000002656b78a040_0;  1 drivers
v000002656b789960_0 .var "rx_seen", 0 0;
v000002656b789a00_0 .net "rx_valid", 0 0, v000002656b78a360_0;  1 drivers
E_000002656b79a690 .event posedge, v000002656b789f00_0;
S_000002656b78ba20 .scope module, "dut" "uart_rx" 3 19, 4 3 0, S_000002656b78b890;
 .timescale -9 -12;
    .port_info 0 /INPUT 1 "clk";
    .port_info 1 /INPUT 1 "rst_n";
    .port_info 2 /INPUT 1 "rx";
    .port_info 3 /OUTPUT 8 "rx_data";
    .port_info 4 /OUTPUT 1 "rx_valid";
P_000002656b85a1a0 .param/l "CLKS_PER_BIT" 0 4 5, +C4<00000000000000000000000000000011>;
P_000002656b85a1d8 .param/l "s_DATA" 1 4 17, C4<010>;
P_000002656b85a210 .param/l "s_IDLE" 1 4 15, C4<000>;
P_000002656b85a248 .param/l "s_START" 1 4 16, C4<001>;
P_000002656b85a280 .param/l "s_STOP" 1 4 18, C4<011>;
L_000002656b7a9440 .functor AND 1, v000002656b78a220_0, L_000002656b789aa0, C4<1>, C4<1>;
v000002656b78a400_0 .net *"_ivl_1", 0 0, L_000002656b789aa0;  1 drivers
v000002656b78a2c0_0 .var "bit_index", 2 0;
v000002656b789f00_0 .net "clk", 0 0, v000002656b78a680_0;  1 drivers
v000002656b789b40_0 .var "clk_count", 15 0;
v000002656b78a540_0 .net "rst_n", 0 0, v000002656b78a7c0_0;  1 drivers
v000002656b78a180_0 .net "rx", 0 0, v000002656b789d20_0;  1 drivers
v000002656b78a040_0 .var "rx_data", 7 0;
v000002656b789fa0_0 .var "rx_r1", 0 0;
v000002656b78a0e0_0 .var "rx_sync", 0 0;
v000002656b78a220_0 .var "rx_sync_d", 0 0;
v000002656b78a360_0 .var "rx_valid", 0 0;
v000002656b789dc0_0 .net "start_edge", 0 0, L_000002656b7a9440;  1 drivers
v000002656b789be0_0 .var "state", 2 0;
E_000002656b79a890/0 .event negedge, v000002656b78a540_0;
E_000002656b79a890/1 .event posedge, v000002656b789f00_0;
E_000002656b79a890 .event/or E_000002656b79a890/0, E_000002656b79a890/1;
L_000002656b789aa0 .reduce/nor v000002656b78a0e0_0;
S_000002656b792be0 .scope autotask, "fail" "fail" 3 32, 3 32 0, S_000002656b78b890;
 .timescale -9 -12;
v000002656b789c80_0 .var "msg", 255 0;
TD_tb_uart_rx_unit.fail ;
    %vpi_call/w 3 34 "$display", "TB_UART_RX_UNIT FAIL: %0s", v000002656b789c80_0 {0 0 0};
    %vpi_call/w 3 35 "$fatal", 32'sb00000000000000000000000000000001 {0 0 0};
    %end;
S_000002656b792d70 .scope autotask, "send_byte" "send_byte" 3 39, 3 39 0, S_000002656b78b890;
 .timescale -9 -12;
v000002656b78a4a0_0 .var "data", 7 0;
TD_tb_uart_rx_unit.send_byte ;
    %pushi/vec4 0, 0, 1;
    %store/vec4 v000002656b789d20_0, 0, 1;
    %pushi/vec4 3, 0, 32;
T_1.0 %dup/vec4;
    %pushi/vec4 0, 0, 32;
    %cmp/s;
    %jmp/1xz T_1.1, 5;
    %jmp/1 T_1.1, 4;
    %pushi/vec4 1, 0, 32;
    %sub;
    %wait E_000002656b79a690;
    %jmp T_1.0;
T_1.1 ;
    %pop/vec4 1;
    %pushi/vec4 0, 0, 32;
    %store/vec4 v000002656b78a720_0, 0, 32;
T_1.2 ;
    %load/vec4 v000002656b78a720_0;
    %cmpi/s 8, 0, 32;
    %jmp/0xz T_1.3, 5;
    %load/vec4 v000002656b78a4a0_0;
    %load/vec4 v000002656b78a720_0;
    %part/s 1;
    %store/vec4 v000002656b789d20_0, 0, 1;
    %pushi/vec4 3, 0, 32;
T_1.4 %dup/vec4;
    %pushi/vec4 0, 0, 32;
    %cmp/s;
    %jmp/1xz T_1.5, 5;
    %jmp/1 T_1.5, 4;
    %pushi/vec4 1, 0, 32;
    %sub;
    %wait E_000002656b79a690;
    %jmp T_1.4;
T_1.5 ;
    %pop/vec4 1;
    %load/vec4 v000002656b78a720_0;
    %addi 1, 0, 32;
    %store/vec4 v000002656b78a720_0, 0, 32;
    %jmp T_1.2;
T_1.3 ;
    %pushi/vec4 1, 0, 1;
    %store/vec4 v000002656b789d20_0, 0, 1;
    %pushi/vec4 3, 0, 32;
T_1.6 %dup/vec4;
    %pushi/vec4 0, 0, 32;
    %cmp/s;
    %jmp/1xz T_1.7, 5;
    %jmp/1 T_1.7, 4;
    %pushi/vec4 1, 0, 32;
    %sub;
    %wait E_000002656b79a690;
    %jmp T_1.6;
T_1.7 ;
    %pop/vec4 1;
    %end;
    .scope S_000002656b78ba20;
T_2 ;
    %wait E_000002656b79a890;
    %load/vec4 v000002656b78a540_0;
    %nor/r;
    %flag_set/vec4 8;
    %jmp/0xz  T_2.0, 8;
    %pushi/vec4 1, 0, 1;
    %assign/vec4 v000002656b789fa0_0, 0;
    %pushi/vec4 1, 0, 1;
    %assign/vec4 v000002656b78a0e0_0, 0;
    %pushi/vec4 1, 0, 1;
    %assign/vec4 v000002656b78a220_0, 0;
    %jmp T_2.1;
T_2.0 ;
    %load/vec4 v000002656b78a180_0;
    %assign/vec4 v000002656b789fa0_0, 0;
    %load/vec4 v000002656b789fa0_0;
    %assign/vec4 v000002656b78a0e0_0, 0;
    %load/vec4 v000002656b78a0e0_0;
    %assign/vec4 v000002656b78a220_0, 0;
T_2.1 ;
    %jmp T_2;
    .thread T_2;
    .scope S_000002656b78ba20;
T_3 ;
    %wait E_000002656b79a890;
    %load/vec4 v000002656b78a540_0;
    %nor/r;
    %flag_set/vec4 8;
    %jmp/0xz  T_3.0, 8;
    %pushi/vec4 0, 0, 3;
    %assign/vec4 v000002656b789be0_0, 0;
    %pushi/vec4 0, 0, 8;
    %assign/vec4 v000002656b78a040_0, 0;
    %pushi/vec4 0, 0, 1;
    %assign/vec4 v000002656b78a360_0, 0;
    %pushi/vec4 0, 0, 16;
    %assign/vec4 v000002656b789b40_0, 0;
    %pushi/vec4 0, 0, 3;
    %assign/vec4 v000002656b78a2c0_0, 0;
    %jmp T_3.1;
T_3.0 ;
    %pushi/vec4 0, 0, 1;
    %assign/vec4 v000002656b78a360_0, 0;
    %load/vec4 v000002656b789be0_0;
    %dup/vec4;
    %pushi/vec4 0, 0, 3;
    %cmp/u;
    %jmp/1 T_3.2, 6;
    %dup/vec4;
    %pushi/vec4 1, 0, 3;
    %cmp/u;
    %jmp/1 T_3.3, 6;
    %dup/vec4;
    %pushi/vec4 2, 0, 3;
    %cmp/u;
    %jmp/1 T_3.4, 6;
    %dup/vec4;
    %pushi/vec4 3, 0, 3;
    %cmp/u;
    %jmp/1 T_3.5, 6;
    %pushi/vec4 0, 0, 3;
    %assign/vec4 v000002656b789be0_0, 0;
    %jmp T_3.7;
T_3.2 ;
    %pushi/vec4 0, 0, 16;
    %assign/vec4 v000002656b789b40_0, 0;
    %pushi/vec4 0, 0, 3;
    %assign/vec4 v000002656b78a2c0_0, 0;
    %load/vec4 v000002656b789dc0_0;
    %flag_set/vec4 8;
    %jmp/0xz  T_3.8, 8;
    %pushi/vec4 1, 0, 3;
    %assign/vec4 v000002656b789be0_0, 0;
T_3.8 ;
    %jmp T_3.7;
T_3.3 ;
    %load/vec4 v000002656b789b40_0;
    %pad/u 32;
    %cmpi/e 0, 0, 32;
    %jmp/0xz  T_3.10, 4;
    %load/vec4 v000002656b78a0e0_0;
    %cmpi/e 0, 0, 1;
    %jmp/0xz  T_3.12, 4;
    %pushi/vec4 0, 0, 16;
    %assign/vec4 v000002656b789b40_0, 0;
    %pushi/vec4 2, 0, 3;
    %assign/vec4 v000002656b789be0_0, 0;
    %jmp T_3.13;
T_3.12 ;
    %pushi/vec4 0, 0, 3;
    %assign/vec4 v000002656b789be0_0, 0;
T_3.13 ;
    %jmp T_3.11;
T_3.10 ;
    %load/vec4 v000002656b789b40_0;
    %addi 1, 0, 16;
    %assign/vec4 v000002656b789b40_0, 0;
T_3.11 ;
    %jmp T_3.7;
T_3.4 ;
    %load/vec4 v000002656b789b40_0;
    %pad/u 32;
    %cmpi/u 2, 0, 32;
    %jmp/0xz  T_3.14, 5;
    %load/vec4 v000002656b789b40_0;
    %addi 1, 0, 16;
    %assign/vec4 v000002656b789b40_0, 0;
    %jmp T_3.15;
T_3.14 ;
    %pushi/vec4 0, 0, 16;
    %assign/vec4 v000002656b789b40_0, 0;
    %load/vec4 v000002656b78a0e0_0;
    %ix/load 5, 0, 0;
    %ix/getv 4, v000002656b78a2c0_0;
    %assign/vec4/off/d v000002656b78a040_0, 4, 5;
    %load/vec4 v000002656b78a2c0_0;
    %pad/u 32;
    %cmpi/u 7, 0, 32;
    %jmp/0xz  T_3.16, 5;
    %load/vec4 v000002656b78a2c0_0;
    %addi 1, 0, 3;
    %assign/vec4 v000002656b78a2c0_0, 0;
    %jmp T_3.17;
T_3.16 ;
    %pushi/vec4 0, 0, 3;
    %assign/vec4 v000002656b78a2c0_0, 0;
    %pushi/vec4 3, 0, 3;
    %assign/vec4 v000002656b789be0_0, 0;
T_3.17 ;
T_3.15 ;
    %jmp T_3.7;
T_3.5 ;
    %load/vec4 v000002656b789b40_0;
    %pad/u 32;
    %cmpi/u 2, 0, 32;
    %jmp/0xz  T_3.18, 5;
    %load/vec4 v000002656b789b40_0;
    %addi 1, 0, 16;
    %assign/vec4 v000002656b789b40_0, 0;
    %jmp T_3.19;
T_3.18 ;
    %pushi/vec4 0, 0, 16;
    %assign/vec4 v000002656b789b40_0, 0;
    %load/vec4 v000002656b78a0e0_0;
    %cmpi/e 1, 0, 1;
    %jmp/0xz  T_3.20, 4;
    %pushi/vec4 1, 0, 1;
    %assign/vec4 v000002656b78a360_0, 0;
T_3.20 ;
    %pushi/vec4 0, 0, 3;
    %assign/vec4 v000002656b789be0_0, 0;
T_3.19 ;
    %jmp T_3.7;
T_3.7 ;
    %pop/vec4 1;
T_3.1 ;
    %jmp T_3;
    .thread T_3;
    .scope S_000002656b78b890;
T_4 ;
    %pushi/vec4 0, 0, 1;
    %store/vec4 v000002656b78a680_0, 0, 1;
T_4.0 ;
    %delay 5000, 0;
    %load/vec4 v000002656b78a680_0;
    %inv;
    %store/vec4 v000002656b78a680_0, 0, 1;
    %jmp T_4.0;
    %end;
    .thread T_4;
    .scope S_000002656b78b890;
T_5 ;
    %pushi/vec4 0, 0, 1;
    %store/vec4 v000002656b78a7c0_0, 0, 1;
    %pushi/vec4 1, 0, 1;
    %store/vec4 v000002656b789d20_0, 0, 1;
    %pushi/vec4 4, 0, 32;
T_5.0 %dup/vec4;
    %pushi/vec4 0, 0, 32;
    %cmp/s;
    %jmp/1xz T_5.1, 5;
    %jmp/1 T_5.1, 4;
    %pushi/vec4 1, 0, 32;
    %sub;
    %wait E_000002656b79a690;
    %jmp T_5.0;
T_5.1 ;
    %pop/vec4 1;
    %pushi/vec4 1, 0, 1;
    %store/vec4 v000002656b78a7c0_0, 0, 1;
    %alloc S_000002656b792d70;
    %pushi/vec4 90, 0, 8;
    %store/vec4 v000002656b78a4a0_0, 0, 8;
    %fork TD_tb_uart_rx_unit.send_byte, S_000002656b792d70;
    %join;
    %free S_000002656b792d70;
    %pushi/vec4 0, 0, 1;
    %store/vec4 v000002656b789960_0, 0, 1;
    %pushi/vec4 8, 0, 32;
T_5.2 %dup/vec4;
    %pushi/vec4 0, 0, 32;
    %cmp/s;
    %jmp/1xz T_5.3, 5;
    %jmp/1 T_5.3, 4;
    %pushi/vec4 1, 0, 32;
    %sub;
    %wait E_000002656b79a690;
    %load/vec4 v000002656b789a00_0;
    %flag_set/vec4 8;
    %jmp/0xz  T_5.4, 8;
    %pushi/vec4 1, 0, 1;
    %store/vec4 v000002656b789960_0, 0, 1;
T_5.4 ;
    %jmp T_5.2;
T_5.3 ;
    %pop/vec4 1;
    %load/vec4 v000002656b789960_0;
    %nor/r;
    %flag_set/vec4 8;
    %jmp/0xz  T_5.6, 8;
    %alloc S_000002656b792be0;
    %pushi/vec4 0, 0, 32; draw_string_vec4
    %pushi/vec4 0, 0, 32; draw_string_vec4
    %concat/vec4; draw_string_vec4
    %pushi/vec4 29304, 0, 32; draw_string_vec4
    %concat/vec4; draw_string_vec4
    %pushi/vec4 1601593708, 0, 32; draw_string_vec4
    %concat/vec4; draw_string_vec4
    %pushi/vec4 1768169572, 0, 32; draw_string_vec4
    %concat/vec4; draw_string_vec4
    %pushi/vec4 1768169582, 0, 32; draw_string_vec4
    %concat/vec4; draw_string_vec4
    %pushi/vec4 1869881456, 0, 32; draw_string_vec4
    %concat/vec4; draw_string_vec4
    %pushi/vec4 1970041701, 0, 32; draw_string_vec4
    %concat/vec4; draw_string_vec4
    %store/vec4 v000002656b789c80_0, 0, 256;
    %fork TD_tb_uart_rx_unit.fail, S_000002656b792be0;
    %join;
    %free S_000002656b792be0;
T_5.6 ;
    %load/vec4 v000002656b7898c0_0;
    %cmpi/ne 90, 0, 8;
    %jmp/0xz  T_5.8, 6;
    %alloc S_000002656b792be0;
    %pushi/vec4 0, 0, 32; draw_string_vec4
    %pushi/vec4 0, 0, 32; draw_string_vec4
    %concat/vec4; draw_string_vec4
    %pushi/vec4 29285, 0, 32; draw_string_vec4
    %concat/vec4; draw_string_vec4
    %pushi/vec4 1667590518, 0, 32; draw_string_vec4
    %concat/vec4; draw_string_vec4
    %pushi/vec4 1701060706, 0, 32; draw_string_vec4
    %concat/vec4; draw_string_vec4
    %pushi/vec4 2037671200, 0, 32; draw_string_vec4
    %concat/vec4; draw_string_vec4
    %pushi/vec4 1835627373, 0, 32; draw_string_vec4
    %concat/vec4; draw_string_vec4
    %pushi/vec4 1635017576, 0, 32; draw_string_vec4
    %concat/vec4; draw_string_vec4
    %store/vec4 v000002656b789c80_0, 0, 256;
    %fork TD_tb_uart_rx_unit.fail, S_000002656b792be0;
    %join;
    %free S_000002656b792be0;
T_5.8 ;
    %wait E_000002656b79a690;
    %load/vec4 v000002656b789a00_0;
    %flag_set/vec4 8;
    %jmp/0xz  T_5.10, 8;
    %alloc S_000002656b792be0;
    %pushi/vec4 0, 0, 32; draw_string_vec4
    %pushi/vec4 29304, 0, 32; draw_string_vec4
    %concat/vec4; draw_string_vec4
    %pushi/vec4 1601593708, 0, 32; draw_string_vec4
    %concat/vec4; draw_string_vec4
    %pushi/vec4 1768169587, 0, 32; draw_string_vec4
    %concat/vec4; draw_string_vec4
    %pushi/vec4 1752135020, 0, 32; draw_string_vec4
    %concat/vec4; draw_string_vec4
    %pushi/vec4 1679843941, 0, 32; draw_string_vec4
    %concat/vec4; draw_string_vec4
    %pushi/vec4 543236208, 0, 32; draw_string_vec4
    %concat/vec4; draw_string_vec4
    %pushi/vec4 1970041701, 0, 32; draw_string_vec4
    %concat/vec4; draw_string_vec4
    %store/vec4 v000002656b789c80_0, 0, 256;
    %fork TD_tb_uart_rx_unit.fail, S_000002656b792be0;
    %join;
    %free S_000002656b792be0;
T_5.10 ;
    %vpi_call/w 3 75 "$display", "TB_UART_RX_UNIT PASS" {0 0 0};
    %vpi_call/w 3 76 "$finish" {0 0 0};
    %end;
    .thread T_5;
# The file index is used to find the file name in the following table.
:file_names 5;
    "N/A";
    "<interactive>";
    "-";
    "test benches\tb_uart_rx_unit.v";
    "uart_rx.v";
