#! /d/a/fpga-toolchain-build/fpga-toolchain-build/iverilog/_install/bin/vvp
:ivl_version "11.0 (stable)" "(d3b0992)";
:ivl_delay_selection "TYPICAL";
:vpi_time_precision - 12;
:vpi_module "C:\Users\pranj\tools\iverilog\lib\ivl\system.vpi";
:vpi_module "C:\Users\pranj\tools\iverilog\lib\ivl\vhdl_sys.vpi";
:vpi_module "C:\Users\pranj\tools\iverilog\lib\ivl\vhdl_textio.vpi";
:vpi_module "C:\Users\pranj\tools\iverilog\lib\ivl\v2005_math.vpi";
:vpi_module "C:\Users\pranj\tools\iverilog\lib\ivl\va_math.vpi";
:vpi_module "C:\Users\pranj\tools\iverilog\lib\ivl\v2009.vpi";
S_000001e97e52b1d0 .scope package, "$unit" "$unit" 2 1;
 .timescale 0 0;
S_000001e97e63b260 .scope module, "tb_uart_tx_unit" "tb_uart_tx_unit" 3 3;
 .timescale -9 -12;
P_000001e97e613200 .param/l "CLKS_PER_BIT" 1 3 6, +C4<00000000000000000000000000000011>;
P_000001e97e613238 .param/l "CLK_PERIOD" 1 3 5, +C4<00000000000000000000000000001010>;
v000001e97e63d720_0 .var "clk", 0 0;
v000001e97e63de00_0 .var/i "i", 31 0;
v000001e97e63e4e0_0 .var "rst_n", 0 0;
v000001e97e63e080_0 .var "sampled", 7 0;
v000001e97e63e3a0_0 .net "tx", 0 0, v000001e97e63e260_0;  1 drivers
v000001e97e63da40_0 .net "tx_busy", 0 0, v000001e97e63df40_0;  1 drivers
v000001e97e63dc20_0 .var "tx_data", 7 0;
v000001e97e63d5e0_0 .var "tx_start", 0 0;
E_000001e97e639630 .event posedge, v000001e97e63dea0_0;
S_000001e97e64b760 .scope module, "dut" "uart_tx" 3 20, 4 3 0, S_000001e97e63b260;
 .timescale -9 -12;
    .port_info 0 /INPUT 1 "clk";
    .port_info 1 /INPUT 1 "rst_n";
    .port_info 2 /INPUT 1 "tx_start";
    .port_info 3 /INPUT 8 "tx_data";
    .port_info 4 /OUTPUT 1 "tx";
    .port_info 5 /OUTPUT 1 "tx_busy";
P_000001e97e52a8b0 .param/l "CLKS_PER_BIT" 0 4 5, +C4<00000000000000000000000000000011>;
P_000001e97e52a8e8 .param/l "s_DATA" 1 4 18, C4<010>;
P_000001e97e52a920 .param/l "s_IDLE" 1 4 16, C4<000>;
P_000001e97e52a958 .param/l "s_START" 1 4 17, C4<001>;
P_000001e97e52a990 .param/l "s_STOP" 1 4 19, C4<011>;
v000001e97e63e120_0 .var "bit_index", 2 0;
v000001e97e63dea0_0 .net "clk", 0 0, v000001e97e63d720_0;  1 drivers
v000001e97e63e1c0_0 .var "clk_count", 15 0;
v000001e97e63e440_0 .var "data_reg", 7 0;
v000001e97e63e300_0 .net "rst_n", 0 0, v000001e97e63e4e0_0;  1 drivers
v000001e97e63dae0_0 .var "state", 2 0;
v000001e97e63e260_0 .var "tx", 0 0;
v000001e97e63df40_0 .var "tx_busy", 0 0;
v000001e97e63dfe0_0 .net "tx_data", 7 0, v000001e97e63dc20_0;  1 drivers
v000001e97e63d680_0 .net "tx_start", 0 0, v000001e97e63d5e0_0;  1 drivers
E_000001e97e639ef0/0 .event negedge, v000001e97e63e300_0;
E_000001e97e639ef0/1 .event posedge, v000001e97e63dea0_0;
E_000001e97e639ef0 .event/or E_000001e97e639ef0/0, E_000001e97e639ef0/1;
S_000001e97e644620 .scope autotask, "fail" "fail" 3 34, 3 34 0, S_000001e97e63b260;
 .timescale -9 -12;
v000001e97e63db80_0 .var "msg", 255 0;
TD_tb_uart_tx_unit.fail ;
    %vpi_call/w 3 36 "$display", "TB_UART_TX_UNIT FAIL: %0s", v000001e97e63db80_0 {0 0 0};
    %vpi_call/w 3 37 "$fatal", 32'sb00000000000000000000000000000001 {0 0 0};
    %end;
    .scope S_000001e97e64b760;
T_1 ;
    %wait E_000001e97e639ef0;
    %load/vec4 v000001e97e63e300_0;
    %nor/r;
    %flag_set/vec4 8;
    %jmp/0xz  T_1.0, 8;
    %pushi/vec4 0, 0, 3;
    %assign/vec4 v000001e97e63dae0_0, 0;
    %pushi/vec4 1, 0, 1;
    %assign/vec4 v000001e97e63e260_0, 0;
    %pushi/vec4 0, 0, 1;
    %assign/vec4 v000001e97e63df40_0, 0;
    %pushi/vec4 0, 0, 16;
    %assign/vec4 v000001e97e63e1c0_0, 0;
    %pushi/vec4 0, 0, 3;
    %assign/vec4 v000001e97e63e120_0, 0;
    %pushi/vec4 0, 0, 8;
    %assign/vec4 v000001e97e63e440_0, 0;
    %jmp T_1.1;
T_1.0 ;
    %load/vec4 v000001e97e63dae0_0;
    %dup/vec4;
    %pushi/vec4 0, 0, 3;
    %cmp/u;
    %jmp/1 T_1.2, 6;
    %dup/vec4;
    %pushi/vec4 1, 0, 3;
    %cmp/u;
    %jmp/1 T_1.3, 6;
    %dup/vec4;
    %pushi/vec4 2, 0, 3;
    %cmp/u;
    %jmp/1 T_1.4, 6;
    %dup/vec4;
    %pushi/vec4 3, 0, 3;
    %cmp/u;
    %jmp/1 T_1.5, 6;
    %pushi/vec4 0, 0, 3;
    %assign/vec4 v000001e97e63dae0_0, 0;
    %jmp T_1.7;
T_1.2 ;
    %pushi/vec4 1, 0, 1;
    %assign/vec4 v000001e97e63e260_0, 0;
    %pushi/vec4 0, 0, 1;
    %assign/vec4 v000001e97e63df40_0, 0;
    %pushi/vec4 0, 0, 16;
    %assign/vec4 v000001e97e63e1c0_0, 0;
    %pushi/vec4 0, 0, 3;
    %assign/vec4 v000001e97e63e120_0, 0;
    %load/vec4 v000001e97e63d680_0;
    %flag_set/vec4 8;
    %jmp/0xz  T_1.8, 8;
    %load/vec4 v000001e97e63dfe0_0;
    %assign/vec4 v000001e97e63e440_0, 0;
    %pushi/vec4 1, 0, 1;
    %assign/vec4 v000001e97e63df40_0, 0;
    %pushi/vec4 1, 0, 3;
    %assign/vec4 v000001e97e63dae0_0, 0;
T_1.8 ;
    %jmp T_1.7;
T_1.3 ;
    %pushi/vec4 0, 0, 1;
    %assign/vec4 v000001e97e63e260_0, 0;
    %load/vec4 v000001e97e63e1c0_0;
    %pad/u 32;
    %cmpi/u 2, 0, 32;
    %jmp/0xz  T_1.10, 5;
    %load/vec4 v000001e97e63e1c0_0;
    %addi 1, 0, 16;
    %assign/vec4 v000001e97e63e1c0_0, 0;
    %jmp T_1.11;
T_1.10 ;
    %pushi/vec4 0, 0, 16;
    %assign/vec4 v000001e97e63e1c0_0, 0;
    %pushi/vec4 2, 0, 3;
    %assign/vec4 v000001e97e63dae0_0, 0;
T_1.11 ;
    %jmp T_1.7;
T_1.4 ;
    %load/vec4 v000001e97e63e440_0;
    %load/vec4 v000001e97e63e120_0;
    %part/u 1;
    %assign/vec4 v000001e97e63e260_0, 0;
    %load/vec4 v000001e97e63e1c0_0;
    %pad/u 32;
    %cmpi/u 2, 0, 32;
    %jmp/0xz  T_1.12, 5;
    %load/vec4 v000001e97e63e1c0_0;
    %addi 1, 0, 16;
    %assign/vec4 v000001e97e63e1c0_0, 0;
    %jmp T_1.13;
T_1.12 ;
    %pushi/vec4 0, 0, 16;
    %assign/vec4 v000001e97e63e1c0_0, 0;
    %load/vec4 v000001e97e63e120_0;
    %pad/u 32;
    %cmpi/u 7, 0, 32;
    %jmp/0xz  T_1.14, 5;
    %load/vec4 v000001e97e63e120_0;
    %addi 1, 0, 3;
    %assign/vec4 v000001e97e63e120_0, 0;
    %jmp T_1.15;
T_1.14 ;
    %pushi/vec4 0, 0, 3;
    %assign/vec4 v000001e97e63e120_0, 0;
    %pushi/vec4 3, 0, 3;
    %assign/vec4 v000001e97e63dae0_0, 0;
T_1.15 ;
T_1.13 ;
    %jmp T_1.7;
T_1.5 ;
    %pushi/vec4 1, 0, 1;
    %assign/vec4 v000001e97e63e260_0, 0;
    %load/vec4 v000001e97e63e1c0_0;
    %pad/u 32;
    %cmpi/u 2, 0, 32;
    %jmp/0xz  T_1.16, 5;
    %load/vec4 v000001e97e63e1c0_0;
    %addi 1, 0, 16;
    %assign/vec4 v000001e97e63e1c0_0, 0;
    %jmp T_1.17;
T_1.16 ;
    %pushi/vec4 0, 0, 16;
    %assign/vec4 v000001e97e63e1c0_0, 0;
    %pushi/vec4 0, 0, 3;
    %assign/vec4 v000001e97e63dae0_0, 0;
T_1.17 ;
    %jmp T_1.7;
T_1.7 ;
    %pop/vec4 1;
T_1.1 ;
    %jmp T_1;
    .thread T_1;
    .scope S_000001e97e63b260;
T_2 ;
    %pushi/vec4 0, 0, 1;
    %store/vec4 v000001e97e63d720_0, 0, 1;
T_2.0 ;
    %delay 5000, 0;
    %load/vec4 v000001e97e63d720_0;
    %inv;
    %store/vec4 v000001e97e63d720_0, 0, 1;
    %jmp T_2.0;
    %end;
    .thread T_2;
    .scope S_000001e97e63b260;
T_3 ;
    %pushi/vec4 0, 0, 1;
    %store/vec4 v000001e97e63e4e0_0, 0, 1;
    %pushi/vec4 0, 0, 1;
    %store/vec4 v000001e97e63d5e0_0, 0, 1;
    %pushi/vec4 0, 0, 8;
    %store/vec4 v000001e97e63dc20_0, 0, 8;
    %pushi/vec4 4, 0, 32;
T_3.0 %dup/vec4;
    %pushi/vec4 0, 0, 32;
    %cmp/s;
    %jmp/1xz T_3.1, 5;
    %jmp/1 T_3.1, 4;
    %pushi/vec4 1, 0, 32;
    %sub;
    %wait E_000001e97e639630;
    %jmp T_3.0;
T_3.1 ;
    %pop/vec4 1;
    %pushi/vec4 1, 0, 1;
    %store/vec4 v000001e97e63e4e0_0, 0, 1;
    %pushi/vec4 165, 0, 8;
    %store/vec4 v000001e97e63dc20_0, 0, 8;
    %pushi/vec4 1, 0, 1;
    %store/vec4 v000001e97e63d5e0_0, 0, 1;
    %wait E_000001e97e639630;
    %pushi/vec4 0, 0, 1;
    %store/vec4 v000001e97e63d5e0_0, 0, 1;
    %wait E_000001e97e639630;
    %load/vec4 v000001e97e63da40_0;
    %nor/r;
    %flag_set/vec4 8;
    %jmp/0xz  T_3.2, 8;
    %alloc S_000001e97e644620;
    %pushi/vec4 0, 0, 32; draw_string_vec4
    %pushi/vec4 0, 0, 32; draw_string_vec4
    %concat/vec4; draw_string_vec4
    %pushi/vec4 29816, 0, 32; draw_string_vec4
    %concat/vec4; draw_string_vec4
    %pushi/vec4 1600288115, 0, 32; draw_string_vec4
    %concat/vec4; draw_string_vec4
    %pushi/vec4 2032165993, 0, 32; draw_string_vec4
    %concat/vec4; draw_string_vec4
    %pushi/vec4 1679847023, 0, 32; draw_string_vec4
    %concat/vec4; draw_string_vec4
    %pushi/vec4 1948279155, 0, 32; draw_string_vec4
    %concat/vec4; draw_string_vec4
    %pushi/vec4 1936028276, 0, 32; draw_string_vec4
    %concat/vec4; draw_string_vec4
    %store/vec4 v000001e97e63db80_0, 0, 256;
    %fork TD_tb_uart_tx_unit.fail, S_000001e97e644620;
    %join;
    %free S_000001e97e644620;
T_3.2 ;
    %pushi/vec4 4, 0, 32;
T_3.4 %dup/vec4;
    %pushi/vec4 0, 0, 32;
    %cmp/s;
    %jmp/1xz T_3.5, 5;
    %jmp/1 T_3.5, 4;
    %pushi/vec4 1, 0, 32;
    %sub;
    %wait E_000001e97e639630;
    %jmp T_3.4;
T_3.5 ;
    %pop/vec4 1;
    %pushi/vec4 0, 0, 32;
    %store/vec4 v000001e97e63de00_0, 0, 32;
T_3.6 ;
    %load/vec4 v000001e97e63de00_0;
    %cmpi/s 8, 0, 32;
    %jmp/0xz T_3.7, 5;
    %load/vec4 v000001e97e63e3a0_0;
    %ix/getv/s 4, v000001e97e63de00_0;
    %store/vec4 v000001e97e63e080_0, 4, 1;
    %pushi/vec4 3, 0, 32;
T_3.8 %dup/vec4;
    %pushi/vec4 0, 0, 32;
    %cmp/s;
    %jmp/1xz T_3.9, 5;
    %jmp/1 T_3.9, 4;
    %pushi/vec4 1, 0, 32;
    %sub;
    %wait E_000001e97e639630;
    %jmp T_3.8;
T_3.9 ;
    %pop/vec4 1;
    %load/vec4 v000001e97e63de00_0;
    %addi 1, 0, 32;
    %store/vec4 v000001e97e63de00_0, 0, 32;
    %jmp T_3.6;
T_3.7 ;
    %load/vec4 v000001e97e63e080_0;
    %cmpi/ne 165, 0, 8;
    %jmp/0xz  T_3.10, 6;
    %alloc S_000001e97e644620;
    %pushi/vec4 0, 0, 32; draw_string_vec4
    %pushi/vec4 0, 0, 32; draw_string_vec4
    %concat/vec4; draw_string_vec4
    %pushi/vec4 1936028265, 0, 32; draw_string_vec4
    %concat/vec4; draw_string_vec4
    %pushi/vec4 1634494842, 0, 32; draw_string_vec4
    %concat/vec4; draw_string_vec4
    %pushi/vec4 1701060706, 0, 32; draw_string_vec4
    %concat/vec4; draw_string_vec4
    %pushi/vec4 2037671200, 0, 32; draw_string_vec4
    %concat/vec4; draw_string_vec4
    %pushi/vec4 1835627373, 0, 32; draw_string_vec4
    %concat/vec4; draw_string_vec4
    %pushi/vec4 1635017576, 0, 32; draw_string_vec4
    %concat/vec4; draw_string_vec4
    %store/vec4 v000001e97e63db80_0, 0, 256;
    %fork TD_tb_uart_tx_unit.fail, S_000001e97e644620;
    %join;
    %free S_000001e97e644620;
T_3.10 ;
    %pushi/vec4 3, 0, 32;
T_3.12 %dup/vec4;
    %pushi/vec4 0, 0, 32;
    %cmp/s;
    %jmp/1xz T_3.13, 5;
    %jmp/1 T_3.13, 4;
    %pushi/vec4 1, 0, 32;
    %sub;
    %wait E_000001e97e639630;
    %jmp T_3.12;
T_3.13 ;
    %pop/vec4 1;
    %load/vec4 v000001e97e63e3a0_0;
    %cmpi/ne 1, 0, 1;
    %jmp/0xz  T_3.14, 6;
    %alloc S_000001e97e644620;
    %pushi/vec4 0, 0, 32; draw_string_vec4
    %pushi/vec4 0, 0, 32; draw_string_vec4
    %concat/vec4; draw_string_vec4
    %pushi/vec4 115, 0, 32; draw_string_vec4
    %concat/vec4; draw_string_vec4
    %pushi/vec4 1953460256, 0, 32; draw_string_vec4
    %concat/vec4; draw_string_vec4
    %pushi/vec4 1651078176, 0, 32; draw_string_vec4
    %concat/vec4; draw_string_vec4
    %pushi/vec4 2002875168, 0, 32; draw_string_vec4
    %concat/vec4; draw_string_vec4
    %pushi/vec4 1852797984, 0, 32; draw_string_vec4
    %concat/vec4; draw_string_vec4
    %pushi/vec4 1751738216, 0, 32; draw_string_vec4
    %concat/vec4; draw_string_vec4
    %store/vec4 v000001e97e63db80_0, 0, 256;
    %fork TD_tb_uart_tx_unit.fail, S_000001e97e644620;
    %join;
    %free S_000001e97e644620;
T_3.14 ;
    %pushi/vec4 2, 0, 32;
T_3.16 %dup/vec4;
    %pushi/vec4 0, 0, 32;
    %cmp/s;
    %jmp/1xz T_3.17, 5;
    %jmp/1 T_3.17, 4;
    %pushi/vec4 1, 0, 32;
    %sub;
    %wait E_000001e97e639630;
    %jmp T_3.16;
T_3.17 ;
    %pop/vec4 1;
    %load/vec4 v000001e97e63da40_0;
    %flag_set/vec4 8;
    %jmp/0xz  T_3.18, 8;
    %alloc S_000001e97e644620;
    %pushi/vec4 0, 0, 32; draw_string_vec4
    %pushi/vec4 0, 0, 32; draw_string_vec4
    %concat/vec4; draw_string_vec4
    %pushi/vec4 116, 0, 32; draw_string_vec4
    %concat/vec4; draw_string_vec4
    %pushi/vec4 2019517045, 0, 32; draw_string_vec4
    %concat/vec4; draw_string_vec4
    %pushi/vec4 1937317988, 0, 32; draw_string_vec4
    %concat/vec4; draw_string_vec4
    %pushi/vec4 1768169582, 0, 32; draw_string_vec4
    %concat/vec4; draw_string_vec4
    %pushi/vec4 1869881443, 0, 32; draw_string_vec4
    %concat/vec4; draw_string_vec4
    %pushi/vec4 1818583410, 0, 32; draw_string_vec4
    %concat/vec4; draw_string_vec4
    %store/vec4 v000001e97e63db80_0, 0, 256;
    %fork TD_tb_uart_tx_unit.fail, S_000001e97e644620;
    %join;
    %free S_000001e97e644620;
T_3.18 ;
    %vpi_call/w 3 74 "$display", "TB_UART_TX_UNIT PASS" {0 0 0};
    %vpi_call/w 3 75 "$finish" {0 0 0};
    %end;
    .thread T_3;
# The file index is used to find the file name in the following table.
:file_names 5;
    "N/A";
    "<interactive>";
    "-";
    "test benches\tb_uart_tx_unit.v";
    "uart_tx.v";
