#! /d/a/fpga-toolchain-build/fpga-toolchain-build/iverilog/_install/bin/vvp
:ivl_version "11.0 (stable)" "(d3b0992)";
:ivl_delay_selection "TYPICAL";
:vpi_time_precision - 12;
:vpi_module "C:\Users\pranj\tools\iverilog\lib\ivl\system.vpi";
:vpi_module "C:\Users\pranj\tools\iverilog\lib\ivl\vhdl_sys.vpi";
:vpi_module "C:\Users\pranj\tools\iverilog\lib\ivl\vhdl_textio.vpi";
:vpi_module "C:\Users\pranj\tools\iverilog\lib\ivl\v2005_math.vpi";
:vpi_module "C:\Users\pranj\tools\iverilog\lib\ivl\va_math.vpi";
:vpi_module "C:\Users\pranj\tools\iverilog\lib\ivl\v2009.vpi";
S_00000138304f19b0 .scope package, "$unit" "$unit" 2 1;
 .timescale 0 0;
S_00000138304f1b40 .scope module, "tb_uart_peripheral_basic" "tb_uart_peripheral_basic" 3 3;
 .timescale -9 -12;
P_00000138304d7490 .param/l "CLKS_PER_BIT" 1 3 6, +C4<00000000000000000000000000000011>;
P_00000138304d74c8 .param/l "CLK_PERIOD" 1 3 5, +C4<00000000000000000000000000001010>;
v00000138305617e0_0 .var "clk", 0 0;
v0000013830561880_0 .var/i "i", 31 0;
v0000013830561b00_0 .net "mon_data", 7 0, v0000013830561420_0;  1 drivers
v00000138305602a0_0 .var "mon_seen", 0 0;
v0000013830561ba0_0 .net "mon_valid", 0 0, v0000013830561240_0;  1 drivers
v00000138305607a0_0 .var "raddr", 31 0;
v0000013830560840_0 .net "rdata", 31 0, v000001383055efb0_0;  1 drivers
v0000013830560c00_0 .var "re", 0 0;
v0000013830560de0_0 .net "ready", 0 0, L_00000138304ea930;  1 drivers
v0000013830561ec0_0 .var "rst_n", 0 0;
v00000138305603e0_0 .var "uart_rx", 0 0;
v0000013830560160_0 .net "uart_tx", 0 0, v00000138304e1820_0;  1 drivers
v0000013830561920_0 .var "waddr", 31 0;
v0000013830561c40_0 .var "wdata", 31 0;
v0000013830561060_0 .var "we", 0 0;
E_00000138304e4be0 .event posedge, v00000138304e1e60_0;
S_00000138304f5ba0 .scope module, "dut" "uart_peripheral" 3 28, 4 24 0, S_00000138304f1b40;
 .timescale -9 -12;
    .port_info 0 /INPUT 1 "clk";
    .port_info 1 /INPUT 1 "rst_n";
    .port_info 2 /INPUT 32 "raddr";
    .port_info 3 /INPUT 32 "waddr";
    .port_info 4 /INPUT 1 "we";
    .port_info 5 /INPUT 1 "re";
    .port_info 6 /INPUT 32 "wdata";
    .port_info 7 /OUTPUT 32 "rdata";
    .port_info 8 /OUTPUT 1 "ready";
    .port_info 9 /INPUT 1 "uart_rx";
    .port_info 10 /OUTPUT 1 "uart_tx";
P_00000138304ba870 .param/l "BAUD_RATE" 0 4 26, +C4<00000000000000000000000000001010>;
P_00000138304ba8a8 .param/l "CLKS_PER_BIT" 1 4 45, +C4<00000000000000000000000000000011>;
P_00000138304ba8e0 .param/l "REG_CONTROL" 1 4 55, C4<10000>;
P_00000138304ba918 .param/l "REG_RX_DATA" 1 4 53, C4<01000>;
P_00000138304ba950 .param/l "REG_RX_STATUS" 1 4 54, C4<01100>;
P_00000138304ba988 .param/l "REG_TX_DATA" 1 4 51, C4<00000>;
P_00000138304ba9c0 .param/l "REG_TX_STATUS" 1 4 52, C4<00100>;
P_00000138304ba9f8 .param/l "RX_FIFO_AW" 1 4 47, +C4<00000000000000000000000000000101>;
P_00000138304baa30 .param/l "RX_FIFO_DEPTH" 1 4 46, +C4<00000000000000000000000000100000>;
P_00000138304baa68 .param/l "SYS_CLK_FREQ" 0 4 25, +C4<00000000000000000000000000011110>;
P_00000138304baaa0 .param/l "TX_FIFO_AW" 1 4 49, +C4<00000000000000000000000000000100>;
P_00000138304baad8 .param/l "TX_FIFO_DEPTH" 1 4 48, +C4<00000000000000000000000000010000>;
L_00000138304eae00 .functor AND 1, v0000013830561ec0_0, L_0000013830560d40, C4<1>, C4<1>;
L_00000138304ea9a0 .functor AND 1, v0000013830561ec0_0, L_0000013830560e80, C4<1>, C4<1>;
L_00000138304eb030 .functor AND 1, v0000013830560c00_0, L_0000013830560f20, C4<1>, C4<1>;
L_00000138304ea8c0 .functor AND 1, v0000013830560c00_0, L_00000138305619c0, C4<1>, C4<1>;
L_00000138304eaa10 .functor AND 1, v0000013830561060_0, L_0000013830561d80, C4<1>, C4<1>;
L_00000138304eac40 .functor AND 1, L_00000138304eaa10, L_00000138305608e0, C4<1>, C4<1>;
L_00000138304ea5b0 .functor AND 1, L_00000138304eaa10, L_0000013830560200, C4<1>, C4<1>;
L_00000138304eacb0 .functor AND 1, v000001383055f5f0_0, L_0000013830560480, C4<1>, C4<1>;
L_00000138304ea770 .functor BUFZ 1, v00000138304e16e0_0, C4<0>, C4<0>, C4<0>;
L_00000138304eb0a0 .functor AND 1, v0000013830561060_0, L_00000138305bf0a0, C4<1>, C4<1>;
L_00000138304ea850 .functor AND 1, L_00000138304eb0a0, L_00000138305bee20, C4<1>, C4<1>;
L_00000138304eaa80 .functor AND 1, L_00000138305be600, L_00000138305be560, C4<1>, C4<1>;
L_00000138304ea620 .functor OR 1, L_00000138305bff00, L_00000138305bee20, C4<0>, C4<0>;
L_00000138304ea690 .functor AND 1, v0000013830561060_0, L_00000138304ea620, C4<1>, C4<1>;
L_00000138304ea930 .functor OR 1, v0000013830560c00_0, L_00000138304ea690, C4<0>, C4<0>;
v00000138304e1140_0 .net *"_ivl_1", 0 0, L_0000013830560d40;  1 drivers
v00000138304e0ec0_0 .net *"_ivl_12", 31 0, L_0000013830560ac0;  1 drivers
L_0000013830562170 .functor BUFT 1, C4<0000000000000000000000000>, C4<0>, C4<0>, C4<0>;
v00000138304e2220_0 .net *"_ivl_15", 24 0, L_0000013830562170;  1 drivers
L_00000138305621b8 .functor BUFT 1, C4<00000000000000000000000000100000>, C4<0>, C4<0>, C4<0>;
v00000138304e1000_0 .net/2u *"_ivl_16", 31 0, L_00000138305621b8;  1 drivers
v00000138304e10a0_0 .net *"_ivl_21", 4 0, L_0000013830560a20;  1 drivers
L_0000013830562200 .functor BUFT 1, C4<01100>, C4<0>, C4<0>, C4<0>;
v00000138304e11e0_0 .net/2u *"_ivl_22", 4 0, L_0000013830562200;  1 drivers
v00000138304e2180_0 .net *"_ivl_24", 0 0, L_0000013830560f20;  1 drivers
v00000138304e13c0_0 .net *"_ivl_29", 4 0, L_00000138305612e0;  1 drivers
L_0000013830562248 .functor BUFT 1, C4<01000>, C4<0>, C4<0>, C4<0>;
v00000138304e1280_0 .net/2u *"_ivl_30", 4 0, L_0000013830562248;  1 drivers
v00000138304e1320_0 .net *"_ivl_32", 0 0, L_00000138305619c0;  1 drivers
v00000138304e1d20_0 .net *"_ivl_37", 4 0, L_0000013830561ce0;  1 drivers
L_0000013830562290 .functor BUFT 1, C4<10000>, C4<0>, C4<0>, C4<0>;
v00000138304e1500_0 .net/2u *"_ivl_38", 4 0, L_0000013830562290;  1 drivers
v00000138304e1be0_0 .net *"_ivl_40", 0 0, L_0000013830561d80;  1 drivers
v00000138304e15a0_0 .net *"_ivl_45", 0 0, L_00000138305608e0;  1 drivers
v00000138304e1640_0 .net *"_ivl_49", 0 0, L_0000013830560200;  1 drivers
v00000138304e1aa0_0 .net *"_ivl_5", 0 0, L_0000013830560e80;  1 drivers
v00000138304e1dc0_0 .net *"_ivl_53", 0 0, L_0000013830560480;  1 drivers
L_00000138305622d8 .functor BUFT 1, C4<00000>, C4<0>, C4<0>, C4<0>;
v00000138304e1f00_0 .net/2u *"_ivl_58", 4 0, L_00000138305622d8;  1 drivers
v00000138304e1fa0_0 .net *"_ivl_62", 31 0, L_0000013830561380;  1 drivers
L_0000013830562320 .functor BUFT 1, C4<000000000000000000000000000>, C4<0>, C4<0>, C4<0>;
v00000138304e2040_0 .net *"_ivl_65", 26 0, L_0000013830562320;  1 drivers
L_0000013830562368 .functor BUFT 1, C4<00000000000000000000000000010000>, C4<0>, C4<0>, C4<0>;
v00000138304e20e0_0 .net/2u *"_ivl_66", 31 0, L_0000013830562368;  1 drivers
v00000138304e22c0_0 .net *"_ivl_71", 4 0, L_00000138305be9c0;  1 drivers
L_00000138305623b0 .functor BUFT 1, C4<00000>, C4<0>, C4<0>, C4<0>;
v0000013830359600_0 .net/2u *"_ivl_72", 4 0, L_00000138305623b0;  1 drivers
v0000013830359e20_0 .net *"_ivl_74", 0 0, L_00000138305bf0a0;  1 drivers
L_0000013830562128 .functor BUFT 1, C4<0000000>, C4<0>, C4<0>, C4<0>;
v0000013830358ac0_0 .net/2u *"_ivl_8", 6 0, L_0000013830562128;  1 drivers
v0000013830358de0_0 .net *"_ivl_83", 0 0, L_00000138305be600;  1 drivers
v0000013830359380_0 .net *"_ivl_85", 0 0, L_00000138305be560;  1 drivers
v00000138303597e0_0 .net *"_ivl_89", 4 0, L_00000138305be6a0;  1 drivers
L_00000138305623f8 .functor BUFT 1, C4<00000>, C4<0>, C4<0>, C4<0>;
v000001383055fd70_0 .net/2u *"_ivl_90", 4 0, L_00000138305623f8;  1 drivers
v000001383055f550_0 .net *"_ivl_92", 0 0, L_00000138305bff00;  1 drivers
v000001383055fc30_0 .net *"_ivl_95", 0 0, L_00000138304ea620;  1 drivers
v000001383055ea10_0 .net *"_ivl_97", 0 0, L_00000138304ea690;  1 drivers
v000001383055fe10_0 .net "clk", 0 0, v00000138305617e0_0;  1 drivers
v000001383055f9b0_0 .net "control_rst_rx", 0 0, L_00000138304ea5b0;  1 drivers
v000001383055eab0_0 .net "control_rst_tx", 0 0, L_00000138304eac40;  1 drivers
v000001383055f230_0 .net "control_write", 0 0, L_00000138304eaa10;  1 drivers
v000001383055e5b0_0 .net "raddr", 31 0, v00000138305607a0_0;  1 drivers
v000001383055efb0_0 .var "rdata", 31 0;
v000001383055e650_0 .net "re", 0 0, v0000013830560c00_0;  1 drivers
v000001383055f370_0 .net "ready", 0 0, L_00000138304ea930;  alias, 1 drivers
v000001383055fcd0_0 .net "rst_n", 0 0, v0000013830561ec0_0;  1 drivers
v000001383055edd0_0 .var "rx_data_buf", 7 0;
v000001383055feb0_0 .net "rx_data_read", 0 0, L_00000138304ea8c0;  1 drivers
v000001383055fa50_0 .net "rx_data_w", 7 0, v00000138304e0f60_0;  1 drivers
v000001383055ff50 .array "rx_fifo", 31 0, 7 0;
v000001383055f0f0_0 .var "rx_fifo_count", 6 0;
v000001383055f050_0 .net "rx_fifo_empty", 0 0, L_00000138305611a0;  1 drivers
v000001383055f4b0_0 .net "rx_fifo_full", 0 0, L_00000138305605c0;  1 drivers
v000001383055e790_0 .var "rx_overflow", 0 0;
v000001383055f2d0_0 .net "rx_pop", 0 0, L_00000138304eacb0;  1 drivers
v000001383055f5f0_0 .var "rx_pop_pending", 0 0;
v000001383055e510_0 .net "rx_push", 0 0, L_00000138304ea770;  1 drivers
v000001383055e8d0_0 .var "rx_rd_ptr", 4 0;
v000001383055f190_0 .var "rx_status_clear_pending", 0 0;
v000001383055f870_0 .net "rx_status_read", 0 0, L_00000138304eb030;  1 drivers
v000001383055f410_0 .net "rx_valid_w", 0 0, v00000138304e16e0_0;  1 drivers
v000001383055fff0_0 .var "rx_wr_ptr", 4 0;
v000001383055f910_0 .net "tx_busy", 0 0, v00000138304e0e20_0;  1 drivers
v000001383055ec90_0 .var "tx_busy_d", 0 0;
v000001383055e830_0 .var "tx_data_buf", 7 0;
v000001383055f690_0 .var "tx_data_reg", 7 0;
v000001383055e6f0 .array "tx_fifo", 15 0, 7 0;
v000001383055f730_0 .var "tx_fifo_count", 4 0;
v000001383055f7d0_0 .net "tx_fifo_empty", 0 0, L_0000013830560520;  1 drivers
v000001383055e970_0 .net "tx_fifo_full", 0 0, L_00000138305bfa00;  1 drivers
v000001383055faf0_0 .net "tx_launch", 0 0, L_00000138304eaa80;  1 drivers
v000001383055eb50_0 .net "tx_push", 0 0, L_00000138304ea850;  1 drivers
v000001383055fb90_0 .var "tx_rd_ptr", 3 0;
v000001383055e150_0 .var "tx_serializer_active", 0 0;
v000001383055e330_0 .var "tx_start", 0 0;
v000001383055e1f0_0 .var "tx_start_pending", 0 0;
v000001383055e290_0 .var "tx_wr_ptr", 3 0;
v000001383055ebf0_0 .net "tx_write_ready", 0 0, L_00000138305bee20;  1 drivers
v000001383055ed30_0 .net "tx_write_req", 0 0, L_00000138304eb0a0;  1 drivers
v000001383055ee70_0 .net "uart_rx", 0 0, v00000138305603e0_0;  1 drivers
v000001383055ef10_0 .net "uart_rx_rst_n", 0 0, L_00000138304ea9a0;  1 drivers
v000001383055e3d0_0 .net "uart_tx", 0 0, v00000138304e1820_0;  alias, 1 drivers
v000001383055e470_0 .net "uart_tx_rst_n", 0 0, L_00000138304eae00;  1 drivers
v0000013830561e20_0 .net "waddr", 31 0, v0000013830561920_0;  1 drivers
v0000013830560980_0 .net "wdata", 31 0, v0000013830561c40_0;  1 drivers
v00000138305614c0_0 .net "we", 0 0, v0000013830561060_0;  1 drivers
E_00000138304e67e0/0 .event edge, v000001383055e5b0_0, v00000138304e04c0_0, v000001383055f730_0, v000001383055f7d0_0;
E_00000138304e67e0/1 .event edge, v00000138304e0e20_0, v000001383055ebf0_0, v000001383055edd0_0, v000001383055f0f0_0;
E_00000138304e67e0/2 .event edge, v000001383055f4b0_0, v000001383055e790_0, v000001383055f050_0;
E_00000138304e67e0 .event/or E_00000138304e67e0/0, E_00000138304e67e0/1, E_00000138304e67e0/2;
E_00000138304e6460/0 .event negedge, v000001383055fcd0_0;
E_00000138304e6460/1 .event posedge, v00000138304e1e60_0;
E_00000138304e6460 .event/or E_00000138304e6460/0, E_00000138304e6460/1;
L_0000013830560d40 .reduce/nor L_00000138304eac40;
L_0000013830560e80 .reduce/nor L_00000138304ea5b0;
L_00000138305611a0 .cmp/eq 7, v000001383055f0f0_0, L_0000013830562128;
L_0000013830560ac0 .concat [ 7 25 0 0], v000001383055f0f0_0, L_0000013830562170;
L_00000138305605c0 .cmp/eq 32, L_0000013830560ac0, L_00000138305621b8;
L_0000013830560a20 .part v00000138305607a0_0, 0, 5;
L_0000013830560f20 .cmp/eq 5, L_0000013830560a20, L_0000013830562200;
L_00000138305612e0 .part v00000138305607a0_0, 0, 5;
L_00000138305619c0 .cmp/eq 5, L_00000138305612e0, L_0000013830562248;
L_0000013830561ce0 .part v0000013830561920_0, 0, 5;
L_0000013830561d80 .cmp/eq 5, L_0000013830561ce0, L_0000013830562290;
L_00000138305608e0 .part v0000013830561c40_0, 0, 1;
L_0000013830560200 .part v0000013830561c40_0, 1, 1;
L_0000013830560480 .reduce/nor L_00000138305611a0;
L_0000013830560520 .cmp/eq 5, v000001383055f730_0, L_00000138305622d8;
L_0000013830561380 .concat [ 5 27 0 0], v000001383055f730_0, L_0000013830562320;
L_00000138305bfa00 .cmp/eq 32, L_0000013830561380, L_0000013830562368;
L_00000138305be9c0 .part v0000013830561920_0, 0, 5;
L_00000138305bf0a0 .cmp/eq 5, L_00000138305be9c0, L_00000138305623b0;
L_00000138305bee20 .reduce/nor L_00000138305bfa00;
L_00000138305be600 .reduce/nor v000001383055e150_0;
L_00000138305be560 .reduce/nor L_0000013830560520;
L_00000138305be6a0 .part v0000013830561920_0, 0, 5;
L_00000138305bff00 .cmp/ne 5, L_00000138305be6a0, L_00000138305623f8;
S_00000138304bab20 .scope module, "u_rx" "uart_rx" 4 86, 5 3 0, S_00000138304f5ba0;
 .timescale -9 -12;
    .port_info 0 /INPUT 1 "clk";
    .port_info 1 /INPUT 1 "rst_n";
    .port_info 2 /INPUT 1 "rx";
    .port_info 3 /OUTPUT 8 "rx_data";
    .port_info 4 /OUTPUT 1 "rx_valid";
P_00000138304d9050 .param/l "CLKS_PER_BIT" 0 5 5, +C4<00000000000000000000000000000011>;
P_00000138304d9088 .param/l "s_DATA" 1 5 17, C4<010>;
P_00000138304d90c0 .param/l "s_IDLE" 1 5 15, C4<000>;
P_00000138304d90f8 .param/l "s_START" 1 5 16, C4<001>;
P_00000138304d9130 .param/l "s_STOP" 1 5 18, C4<011>;
L_00000138304eaee0 .functor AND 1, v00000138304e0740_0, L_0000013830561100, C4<1>, C4<1>;
v00000138304e1a00_0 .net *"_ivl_1", 0 0, L_0000013830561100;  1 drivers
v00000138304e0ba0_0 .var "bit_index", 2 0;
v00000138304e1e60_0 .net "clk", 0 0, v00000138305617e0_0;  alias, 1 drivers
v00000138304e0600_0 .var "clk_count", 15 0;
v00000138304e0920_0 .net "rst_n", 0 0, L_00000138304ea9a0;  alias, 1 drivers
v00000138304e0c40_0 .net "rx", 0 0, v00000138305603e0_0;  alias, 1 drivers
v00000138304e0f60_0 .var "rx_data", 7 0;
v00000138304e1b40_0 .var "rx_r1", 0 0;
v00000138304e0560_0 .var "rx_sync", 0 0;
v00000138304e0740_0 .var "rx_sync_d", 0 0;
v00000138304e16e0_0 .var "rx_valid", 0 0;
v00000138304e09c0_0 .net "start_edge", 0 0, L_00000138304eaee0;  1 drivers
v00000138304e07e0_0 .var "state", 2 0;
E_00000138304e6aa0/0 .event negedge, v00000138304e0920_0;
E_00000138304e6aa0/1 .event posedge, v00000138304e1e60_0;
E_00000138304e6aa0 .event/or E_00000138304e6aa0/0, E_00000138304e6aa0/1;
L_0000013830561100 .reduce/nor v00000138304e0560_0;
S_0000013830480d40 .scope module, "u_tx" "uart_tx" 4 77, 6 3 0, S_00000138304f5ba0;
 .timescale -9 -12;
    .port_info 0 /INPUT 1 "clk";
    .port_info 1 /INPUT 1 "rst_n";
    .port_info 2 /INPUT 1 "tx_start";
    .port_info 3 /INPUT 8 "tx_data";
    .port_info 4 /OUTPUT 1 "tx";
    .port_info 5 /OUTPUT 1 "tx_busy";
P_00000138304d8cf0 .param/l "CLKS_PER_BIT" 0 6 5, +C4<00000000000000000000000000000011>;
P_00000138304d8d28 .param/l "s_DATA" 1 6 18, C4<010>;
P_00000138304d8d60 .param/l "s_IDLE" 1 6 16, C4<000>;
P_00000138304d8d98 .param/l "s_START" 1 6 17, C4<001>;
P_00000138304d8dd0 .param/l "s_STOP" 1 6 19, C4<011>;
v00000138304e0a60_0 .var "bit_index", 2 0;
v00000138304e0ce0_0 .net "clk", 0 0, v00000138305617e0_0;  alias, 1 drivers
v00000138304e0b00_0 .var "clk_count", 15 0;
v00000138304e0880_0 .var "data_reg", 7 0;
v00000138304e0d80_0 .net "rst_n", 0 0, L_00000138304eae00;  alias, 1 drivers
v00000138304e1780_0 .var "state", 2 0;
v00000138304e1820_0 .var "tx", 0 0;
v00000138304e0e20_0 .var "tx_busy", 0 0;
v00000138304e04c0_0 .net "tx_data", 7 0, v000001383055f690_0;  1 drivers
v00000138304e1460_0 .net "tx_start", 0 0, v000001383055e330_0;  1 drivers
E_00000138304e6860/0 .event negedge, v00000138304e0d80_0;
E_00000138304e6860/1 .event posedge, v00000138304e1e60_0;
E_00000138304e6860 .event/or E_00000138304e6860/0, E_00000138304e6860/1;
S_0000013830480ed0 .scope autotask, "fail" "fail" 3 57, 3 57 0, S_00000138304f1b40;
 .timescale -9 -12;
v00000138305616a0_0 .var "msg", 255 0;
TD_tb_uart_peripheral_basic.fail ;
    %vpi_call/w 3 59 "$display", "TB_UART_PERIPHERAL_BASIC FAIL: %0s", v00000138305616a0_0 {0 0 0};
    %vpi_call/w 3 60 "$fatal", 32'sb00000000000000000000000000000001 {0 0 0};
    %end;
S_0000013830481060 .scope module, "monitor" "uart_rx" 3 44, 5 3 0, S_00000138304f1b40;
 .timescale -9 -12;
    .port_info 0 /INPUT 1 "clk";
    .port_info 1 /INPUT 1 "rst_n";
    .port_info 2 /INPUT 1 "rx";
    .port_info 3 /OUTPUT 8 "rx_data";
    .port_info 4 /OUTPUT 1 "rx_valid";
P_00000138304d95f0 .param/l "CLKS_PER_BIT" 0 5 5, +C4<00000000000000000000000000000011>;
P_00000138304d9628 .param/l "s_DATA" 1 5 17, C4<010>;
P_00000138304d9660 .param/l "s_IDLE" 1 5 15, C4<000>;
P_00000138304d9698 .param/l "s_START" 1 5 16, C4<001>;
P_00000138304d96d0 .param/l "s_STOP" 1 5 18, C4<011>;
L_00000138304eaf50 .functor AND 1, v0000013830561740_0, L_00000138305bf820, C4<1>, C4<1>;
v0000013830560660_0 .net *"_ivl_1", 0 0, L_00000138305bf820;  1 drivers
v0000013830561560_0 .var "bit_index", 2 0;
v0000013830560700_0 .net "clk", 0 0, v00000138305617e0_0;  alias, 1 drivers
v0000013830560340_0 .var "clk_count", 15 0;
v0000013830561f60_0 .net "rst_n", 0 0, v0000013830561ec0_0;  alias, 1 drivers
v0000013830560ca0_0 .net "rx", 0 0, v00000138304e1820_0;  alias, 1 drivers
v0000013830561420_0 .var "rx_data", 7 0;
v0000013830561600_0 .var "rx_r1", 0 0;
v0000013830562000_0 .var "rx_sync", 0 0;
v0000013830561740_0 .var "rx_sync_d", 0 0;
v0000013830561240_0 .var "rx_valid", 0 0;
v0000013830561a60_0 .net "start_edge", 0 0, L_00000138304eaf50;  1 drivers
v0000013830560b60_0 .var "state", 2 0;
L_00000138305bf820 .reduce/nor v0000013830562000_0;
S_000001383052dd90 .scope autotask, "send_serial_byte" "send_serial_byte" 3 64, 3 64 0, S_00000138304f1b40;
 .timescale -9 -12;
v0000013830560fc0_0 .var "data", 7 0;
TD_tb_uart_peripheral_basic.send_serial_byte ;
    %pushi/vec4 0, 0, 1;
    %store/vec4 v00000138305603e0_0, 0, 1;
    %pushi/vec4 3, 0, 32;
T_1.0 %dup/vec4;
    %pushi/vec4 0, 0, 32;
    %cmp/s;
    %jmp/1xz T_1.1, 5;
    %jmp/1 T_1.1, 4;
    %pushi/vec4 1, 0, 32;
    %sub;
    %wait E_00000138304e4be0;
    %jmp T_1.0;
T_1.1 ;
    %pop/vec4 1;
    %pushi/vec4 0, 0, 32;
    %store/vec4 v0000013830561880_0, 0, 32;
T_1.2 ;
    %load/vec4 v0000013830561880_0;
    %cmpi/s 8, 0, 32;
    %jmp/0xz T_1.3, 5;
    %load/vec4 v0000013830560fc0_0;
    %load/vec4 v0000013830561880_0;
    %part/s 1;
    %store/vec4 v00000138305603e0_0, 0, 1;
    %pushi/vec4 3, 0, 32;
T_1.4 %dup/vec4;
    %pushi/vec4 0, 0, 32;
    %cmp/s;
    %jmp/1xz T_1.5, 5;
    %jmp/1 T_1.5, 4;
    %pushi/vec4 1, 0, 32;
    %sub;
    %wait E_00000138304e4be0;
    %jmp T_1.4;
T_1.5 ;
    %pop/vec4 1;
    %load/vec4 v0000013830561880_0;
    %addi 1, 0, 32;
    %store/vec4 v0000013830561880_0, 0, 32;
    %jmp T_1.2;
T_1.3 ;
    %pushi/vec4 1, 0, 1;
    %store/vec4 v00000138305603e0_0, 0, 1;
    %pushi/vec4 3, 0, 32;
T_1.6 %dup/vec4;
    %pushi/vec4 0, 0, 32;
    %cmp/s;
    %jmp/1xz T_1.7, 5;
    %jmp/1 T_1.7, 4;
    %pushi/vec4 1, 0, 32;
    %sub;
    %wait E_00000138304e4be0;
    %jmp T_1.6;
T_1.7 ;
    %pop/vec4 1;
    %end;
    .scope S_0000013830480d40;
T_2 ;
    %wait E_00000138304e6860;
    %load/vec4 v00000138304e0d80_0;
    %nor/r;
    %flag_set/vec4 8;
    %jmp/0xz  T_2.0, 8;
    %pushi/vec4 0, 0, 3;
    %assign/vec4 v00000138304e1780_0, 0;
    %pushi/vec4 1, 0, 1;
    %assign/vec4 v00000138304e1820_0, 0;
    %pushi/vec4 0, 0, 1;
    %assign/vec4 v00000138304e0e20_0, 0;
    %pushi/vec4 0, 0, 16;
    %assign/vec4 v00000138304e0b00_0, 0;
    %pushi/vec4 0, 0, 3;
    %assign/vec4 v00000138304e0a60_0, 0;
    %pushi/vec4 0, 0, 8;
    %assign/vec4 v00000138304e0880_0, 0;
    %jmp T_2.1;
T_2.0 ;
    %load/vec4 v00000138304e1780_0;
    %dup/vec4;
    %pushi/vec4 0, 0, 3;
    %cmp/u;
    %jmp/1 T_2.2, 6;
    %dup/vec4;
    %pushi/vec4 1, 0, 3;
    %cmp/u;
    %jmp/1 T_2.3, 6;
    %dup/vec4;
    %pushi/vec4 2, 0, 3;
    %cmp/u;
    %jmp/1 T_2.4, 6;
    %dup/vec4;
    %pushi/vec4 3, 0, 3;
    %cmp/u;
    %jmp/1 T_2.5, 6;
    %pushi/vec4 0, 0, 3;
    %assign/vec4 v00000138304e1780_0, 0;
    %jmp T_2.7;
T_2.2 ;
    %pushi/vec4 1, 0, 1;
    %assign/vec4 v00000138304e1820_0, 0;
    %pushi/vec4 0, 0, 1;
    %assign/vec4 v00000138304e0e20_0, 0;
    %pushi/vec4 0, 0, 16;
    %assign/vec4 v00000138304e0b00_0, 0;
    %pushi/vec4 0, 0, 3;
    %assign/vec4 v00000138304e0a60_0, 0;
    %load/vec4 v00000138304e1460_0;
    %flag_set/vec4 8;
    %jmp/0xz  T_2.8, 8;
    %load/vec4 v00000138304e04c0_0;
    %assign/vec4 v00000138304e0880_0, 0;
    %pushi/vec4 1, 0, 1;
    %assign/vec4 v00000138304e0e20_0, 0;
    %pushi/vec4 1, 0, 3;
    %assign/vec4 v00000138304e1780_0, 0;
T_2.8 ;
    %jmp T_2.7;
T_2.3 ;
    %pushi/vec4 0, 0, 1;
    %assign/vec4 v00000138304e1820_0, 0;
    %load/vec4 v00000138304e0b00_0;
    %pad/u 32;
    %cmpi/u 2, 0, 32;
    %jmp/0xz  T_2.10, 5;
    %load/vec4 v00000138304e0b00_0;
    %addi 1, 0, 16;
    %assign/vec4 v00000138304e0b00_0, 0;
    %jmp T_2.11;
T_2.10 ;
    %pushi/vec4 0, 0, 16;
    %assign/vec4 v00000138304e0b00_0, 0;
    %pushi/vec4 2, 0, 3;
    %assign/vec4 v00000138304e1780_0, 0;
T_2.11 ;
    %jmp T_2.7;
T_2.4 ;
    %load/vec4 v00000138304e0880_0;
    %load/vec4 v00000138304e0a60_0;
    %part/u 1;
    %assign/vec4 v00000138304e1820_0, 0;
    %load/vec4 v00000138304e0b00_0;
    %pad/u 32;
    %cmpi/u 2, 0, 32;
    %jmp/0xz  T_2.12, 5;
    %load/vec4 v00000138304e0b00_0;
    %addi 1, 0, 16;
    %assign/vec4 v00000138304e0b00_0, 0;
    %jmp T_2.13;
T_2.12 ;
    %pushi/vec4 0, 0, 16;
    %assign/vec4 v00000138304e0b00_0, 0;
    %load/vec4 v00000138304e0a60_0;
    %pad/u 32;
    %cmpi/u 7, 0, 32;
    %jmp/0xz  T_2.14, 5;
    %load/vec4 v00000138304e0a60_0;
    %addi 1, 0, 3;
    %assign/vec4 v00000138304e0a60_0, 0;
    %jmp T_2.15;
T_2.14 ;
    %pushi/vec4 0, 0, 3;
    %assign/vec4 v00000138304e0a60_0, 0;
    %pushi/vec4 3, 0, 3;
    %assign/vec4 v00000138304e1780_0, 0;
T_2.15 ;
T_2.13 ;
    %jmp T_2.7;
T_2.5 ;
    %pushi/vec4 1, 0, 1;
    %assign/vec4 v00000138304e1820_0, 0;
    %load/vec4 v00000138304e0b00_0;
    %pad/u 32;
    %cmpi/u 2, 0, 32;
    %jmp/0xz  T_2.16, 5;
    %load/vec4 v00000138304e0b00_0;
    %addi 1, 0, 16;
    %assign/vec4 v00000138304e0b00_0, 0;
    %jmp T_2.17;
T_2.16 ;
    %pushi/vec4 0, 0, 16;
    %assign/vec4 v00000138304e0b00_0, 0;
    %pushi/vec4 0, 0, 3;
    %assign/vec4 v00000138304e1780_0, 0;
T_2.17 ;
    %jmp T_2.7;
T_2.7 ;
    %pop/vec4 1;
T_2.1 ;
    %jmp T_2;
    .thread T_2;
    .scope S_00000138304bab20;
T_3 ;
    %wait E_00000138304e6aa0;
    %load/vec4 v00000138304e0920_0;
    %nor/r;
    %flag_set/vec4 8;
    %jmp/0xz  T_3.0, 8;
    %pushi/vec4 1, 0, 1;
    %assign/vec4 v00000138304e1b40_0, 0;
    %pushi/vec4 1, 0, 1;
    %assign/vec4 v00000138304e0560_0, 0;
    %pushi/vec4 1, 0, 1;
    %assign/vec4 v00000138304e0740_0, 0;
    %jmp T_3.1;
T_3.0 ;
    %load/vec4 v00000138304e0c40_0;
    %assign/vec4 v00000138304e1b40_0, 0;
    %load/vec4 v00000138304e1b40_0;
    %assign/vec4 v00000138304e0560_0, 0;
    %load/vec4 v00000138304e0560_0;
    %assign/vec4 v00000138304e0740_0, 0;
T_3.1 ;
    %jmp T_3;
    .thread T_3;
    .scope S_00000138304bab20;
T_4 ;
    %wait E_00000138304e6aa0;
    %load/vec4 v00000138304e0920_0;
    %nor/r;
    %flag_set/vec4 8;
    %jmp/0xz  T_4.0, 8;
    %pushi/vec4 0, 0, 3;
    %assign/vec4 v00000138304e07e0_0, 0;
    %pushi/vec4 0, 0, 8;
    %assign/vec4 v00000138304e0f60_0, 0;
    %pushi/vec4 0, 0, 1;
    %assign/vec4 v00000138304e16e0_0, 0;
    %pushi/vec4 0, 0, 16;
    %assign/vec4 v00000138304e0600_0, 0;
    %pushi/vec4 0, 0, 3;
    %assign/vec4 v00000138304e0ba0_0, 0;
    %jmp T_4.1;
T_4.0 ;
    %pushi/vec4 0, 0, 1;
    %assign/vec4 v00000138304e16e0_0, 0;
    %load/vec4 v00000138304e07e0_0;
    %dup/vec4;
    %pushi/vec4 0, 0, 3;
    %cmp/u;
    %jmp/1 T_4.2, 6;
    %dup/vec4;
    %pushi/vec4 1, 0, 3;
    %cmp/u;
    %jmp/1 T_4.3, 6;
    %dup/vec4;
    %pushi/vec4 2, 0, 3;
    %cmp/u;
    %jmp/1 T_4.4, 6;
    %dup/vec4;
    %pushi/vec4 3, 0, 3;
    %cmp/u;
    %jmp/1 T_4.5, 6;
    %pushi/vec4 0, 0, 3;
    %assign/vec4 v00000138304e07e0_0, 0;
    %jmp T_4.7;
T_4.2 ;
    %pushi/vec4 0, 0, 16;
    %assign/vec4 v00000138304e0600_0, 0;
    %pushi/vec4 0, 0, 3;
    %assign/vec4 v00000138304e0ba0_0, 0;
    %load/vec4 v00000138304e09c0_0;
    %flag_set/vec4 8;
    %jmp/0xz  T_4.8, 8;
    %pushi/vec4 1, 0, 3;
    %assign/vec4 v00000138304e07e0_0, 0;
T_4.8 ;
    %jmp T_4.7;
T_4.3 ;
    %load/vec4 v00000138304e0600_0;
    %pad/u 32;
    %cmpi/e 0, 0, 32;
    %jmp/0xz  T_4.10, 4;
    %load/vec4 v00000138304e0560_0;
    %cmpi/e 0, 0, 1;
    %jmp/0xz  T_4.12, 4;
    %pushi/vec4 0, 0, 16;
    %assign/vec4 v00000138304e0600_0, 0;
    %pushi/vec4 2, 0, 3;
    %assign/vec4 v00000138304e07e0_0, 0;
    %jmp T_4.13;
T_4.12 ;
    %pushi/vec4 0, 0, 3;
    %assign/vec4 v00000138304e07e0_0, 0;
T_4.13 ;
    %jmp T_4.11;
T_4.10 ;
    %load/vec4 v00000138304e0600_0;
    %addi 1, 0, 16;
    %assign/vec4 v00000138304e0600_0, 0;
T_4.11 ;
    %jmp T_4.7;
T_4.4 ;
    %load/vec4 v00000138304e0600_0;
    %pad/u 32;
    %cmpi/u 2, 0, 32;
    %jmp/0xz  T_4.14, 5;
    %load/vec4 v00000138304e0600_0;
    %addi 1, 0, 16;
    %assign/vec4 v00000138304e0600_0, 0;
    %jmp T_4.15;
T_4.14 ;
    %pushi/vec4 0, 0, 16;
    %assign/vec4 v00000138304e0600_0, 0;
    %load/vec4 v00000138304e0560_0;
    %ix/load 5, 0, 0;
    %ix/getv 4, v00000138304e0ba0_0;
    %assign/vec4/off/d v00000138304e0f60_0, 4, 5;
    %load/vec4 v00000138304e0ba0_0;
    %pad/u 32;
    %cmpi/u 7, 0, 32;
    %jmp/0xz  T_4.16, 5;
    %load/vec4 v00000138304e0ba0_0;
    %addi 1, 0, 3;
    %assign/vec4 v00000138304e0ba0_0, 0;
    %jmp T_4.17;
T_4.16 ;
    %pushi/vec4 0, 0, 3;
    %assign/vec4 v00000138304e0ba0_0, 0;
    %pushi/vec4 3, 0, 3;
    %assign/vec4 v00000138304e07e0_0, 0;
T_4.17 ;
T_4.15 ;
    %jmp T_4.7;
T_4.5 ;
    %load/vec4 v00000138304e0600_0;
    %pad/u 32;
    %cmpi/u 2, 0, 32;
    %jmp/0xz  T_4.18, 5;
    %load/vec4 v00000138304e0600_0;
    %addi 1, 0, 16;
    %assign/vec4 v00000138304e0600_0, 0;
    %jmp T_4.19;
T_4.18 ;
    %pushi/vec4 0, 0, 16;
    %assign/vec4 v00000138304e0600_0, 0;
    %load/vec4 v00000138304e0560_0;
    %cmpi/e 1, 0, 1;
    %jmp/0xz  T_4.20, 4;
    %pushi/vec4 1, 0, 1;
    %assign/vec4 v00000138304e16e0_0, 0;
T_4.20 ;
    %pushi/vec4 0, 0, 3;
    %assign/vec4 v00000138304e07e0_0, 0;
T_4.19 ;
    %jmp T_4.7;
T_4.7 ;
    %pop/vec4 1;
T_4.1 ;
    %jmp T_4;
    .thread T_4;
    .scope S_00000138304f5ba0;
T_5 ;
    %wait E_00000138304e6460;
    %load/vec4 v000001383055fcd0_0;
    %nor/r;
    %flag_set/vec4 8;
    %jmp/0xz  T_5.0, 8;
    %pushi/vec4 0, 0, 8;
    %assign/vec4 v000001383055edd0_0, 0;
    %pushi/vec4 0, 0, 5;
    %assign/vec4 v000001383055e8d0_0, 0;
    %pushi/vec4 0, 0, 5;
    %assign/vec4 v000001383055fff0_0, 0;
    %pushi/vec4 0, 0, 7;
    %assign/vec4 v000001383055f0f0_0, 0;
    %pushi/vec4 0, 0, 1;
    %assign/vec4 v000001383055e790_0, 0;
    %pushi/vec4 0, 0, 1;
    %assign/vec4 v000001383055f190_0, 0;
    %pushi/vec4 0, 0, 1;
    %assign/vec4 v000001383055f5f0_0, 0;
    %jmp T_5.1;
T_5.0 ;
    %load/vec4 v000001383055f9b0_0;
    %flag_set/vec4 8;
    %jmp/0xz  T_5.2, 8;
    %pushi/vec4 0, 0, 8;
    %assign/vec4 v000001383055edd0_0, 0;
    %pushi/vec4 0, 0, 5;
    %assign/vec4 v000001383055e8d0_0, 0;
    %pushi/vec4 0, 0, 5;
    %assign/vec4 v000001383055fff0_0, 0;
    %pushi/vec4 0, 0, 7;
    %assign/vec4 v000001383055f0f0_0, 0;
    %pushi/vec4 0, 0, 1;
    %assign/vec4 v000001383055e790_0, 0;
    %pushi/vec4 0, 0, 1;
    %assign/vec4 v000001383055f190_0, 0;
    %pushi/vec4 0, 0, 1;
    %assign/vec4 v000001383055f5f0_0, 0;
    %jmp T_5.3;
T_5.2 ;
    %load/vec4 v000001383055f870_0;
    %assign/vec4 v000001383055f190_0, 0;
    %load/vec4 v000001383055feb0_0;
    %assign/vec4 v000001383055f5f0_0, 0;
    %load/vec4 v000001383055e510_0;
    %load/vec4 v000001383055f4b0_0;
    %and;
    %flag_set/vec4 8;
    %jmp/0xz  T_5.4, 8;
    %pushi/vec4 1, 0, 1;
    %assign/vec4 v000001383055e790_0, 0;
T_5.4 ;
    %load/vec4 v000001383055e510_0;
    %load/vec4 v000001383055f4b0_0;
    %nor/r;
    %and;
    %load/vec4 v000001383055f2d0_0;
    %concat/vec4; draw_concat_vec4
    %dup/vec4;
    %pushi/vec4 0, 0, 2;
    %cmp/u;
    %jmp/1 T_5.6, 6;
    %dup/vec4;
    %pushi/vec4 1, 0, 2;
    %cmp/u;
    %jmp/1 T_5.7, 6;
    %dup/vec4;
    %pushi/vec4 2, 0, 2;
    %cmp/u;
    %jmp/1 T_5.8, 6;
    %dup/vec4;
    %pushi/vec4 3, 0, 2;
    %cmp/u;
    %jmp/1 T_5.9, 6;
    %jmp T_5.10;
T_5.6 ;
    %jmp T_5.10;
T_5.7 ;
    %load/vec4 v000001383055f0f0_0;
    %cmpi/u 1, 0, 7;
    %flag_or 5, 4; GT is !LE
    %flag_inv 5;
    %jmp/0xz  T_5.11, 5;
    %load/vec4 v000001383055e8d0_0;
    %pad/u 7;
    %ix/vec4 4;
    %load/vec4a v000001383055ff50, 4;
    %assign/vec4 v000001383055edd0_0, 0;
    %load/vec4 v000001383055e8d0_0;
    %addi 1, 0, 5;
    %assign/vec4 v000001383055e8d0_0, 0;
T_5.11 ;
    %load/vec4 v000001383055f0f0_0;
    %subi 1, 0, 7;
    %assign/vec4 v000001383055f0f0_0, 0;
    %jmp T_5.10;
T_5.8 ;
    %load/vec4 v000001383055f0f0_0;
    %cmpi/e 0, 0, 7;
    %jmp/0xz  T_5.13, 4;
    %load/vec4 v000001383055fa50_0;
    %assign/vec4 v000001383055edd0_0, 0;
    %jmp T_5.14;
T_5.13 ;
    %load/vec4 v000001383055fa50_0;
    %load/vec4 v000001383055fff0_0;
    %pad/u 7;
    %ix/vec4 3;
    %ix/load 4, 0, 0; Constant delay
    %assign/vec4/a/d v000001383055ff50, 0, 4;
    %load/vec4 v000001383055fff0_0;
    %addi 1, 0, 5;
    %assign/vec4 v000001383055fff0_0, 0;
T_5.14 ;
    %load/vec4 v000001383055f0f0_0;
    %addi 1, 0, 7;
    %assign/vec4 v000001383055f0f0_0, 0;
    %jmp T_5.10;
T_5.9 ;
    %load/vec4 v000001383055f0f0_0;
    %cmpi/u 1, 0, 7;
    %flag_or 5, 4;
    %jmp/0xz  T_5.15, 5;
    %load/vec4 v000001383055fa50_0;
    %assign/vec4 v000001383055edd0_0, 0;
    %pushi/vec4 1, 0, 7;
    %assign/vec4 v000001383055f0f0_0, 0;
    %jmp T_5.16;
T_5.15 ;
    %load/vec4 v000001383055e8d0_0;
    %pad/u 7;
    %ix/vec4 4;
    %load/vec4a v000001383055ff50, 4;
    %assign/vec4 v000001383055edd0_0, 0;
    %load/vec4 v000001383055e8d0_0;
    %addi 1, 0, 5;
    %assign/vec4 v000001383055e8d0_0, 0;
    %load/vec4 v000001383055fa50_0;
    %load/vec4 v000001383055fff0_0;
    %pad/u 7;
    %ix/vec4 3;
    %ix/load 4, 0, 0; Constant delay
    %assign/vec4/a/d v000001383055ff50, 0, 4;
    %load/vec4 v000001383055fff0_0;
    %addi 1, 0, 5;
    %assign/vec4 v000001383055fff0_0, 0;
    %load/vec4 v000001383055f0f0_0;
    %assign/vec4 v000001383055f0f0_0, 0;
T_5.16 ;
    %jmp T_5.10;
T_5.10 ;
    %pop/vec4 1;
    %load/vec4 v000001383055f190_0;
    %flag_set/vec4 8;
    %load/vec4 v000001383055f2d0_0;
    %flag_set/vec4 9;
    %flag_or 9, 8;
    %jmp/0xz  T_5.17, 9;
    %pushi/vec4 0, 0, 1;
    %assign/vec4 v000001383055e790_0, 0;
T_5.17 ;
T_5.3 ;
T_5.1 ;
    %jmp T_5;
    .thread T_5;
    .scope S_00000138304f5ba0;
T_6 ;
    %wait E_00000138304e6460;
    %load/vec4 v000001383055fcd0_0;
    %nor/r;
    %flag_set/vec4 8;
    %jmp/0xz  T_6.0, 8;
    %pushi/vec4 0, 0, 1;
    %assign/vec4 v000001383055e330_0, 0;
    %pushi/vec4 0, 0, 8;
    %assign/vec4 v000001383055f690_0, 0;
    %pushi/vec4 0, 0, 1;
    %assign/vec4 v000001383055e1f0_0, 0;
    %pushi/vec4 0, 0, 1;
    %assign/vec4 v000001383055e150_0, 0;
    %pushi/vec4 0, 0, 1;
    %assign/vec4 v000001383055ec90_0, 0;
    %pushi/vec4 0, 0, 8;
    %assign/vec4 v000001383055e830_0, 0;
    %pushi/vec4 0, 0, 4;
    %assign/vec4 v000001383055fb90_0, 0;
    %pushi/vec4 0, 0, 4;
    %assign/vec4 v000001383055e290_0, 0;
    %pushi/vec4 0, 0, 5;
    %assign/vec4 v000001383055f730_0, 0;
    %jmp T_6.1;
T_6.0 ;
    %load/vec4 v000001383055eab0_0;
    %flag_set/vec4 8;
    %jmp/0xz  T_6.2, 8;
    %pushi/vec4 0, 0, 1;
    %assign/vec4 v000001383055e330_0, 0;
    %pushi/vec4 0, 0, 8;
    %assign/vec4 v000001383055f690_0, 0;
    %pushi/vec4 0, 0, 1;
    %assign/vec4 v000001383055e1f0_0, 0;
    %pushi/vec4 0, 0, 1;
    %assign/vec4 v000001383055e150_0, 0;
    %pushi/vec4 0, 0, 1;
    %assign/vec4 v000001383055ec90_0, 0;
    %pushi/vec4 0, 0, 8;
    %assign/vec4 v000001383055e830_0, 0;
    %pushi/vec4 0, 0, 4;
    %assign/vec4 v000001383055fb90_0, 0;
    %pushi/vec4 0, 0, 4;
    %assign/vec4 v000001383055e290_0, 0;
    %pushi/vec4 0, 0, 5;
    %assign/vec4 v000001383055f730_0, 0;
    %jmp T_6.3;
T_6.2 ;
    %pushi/vec4 0, 0, 1;
    %assign/vec4 v000001383055e330_0, 0;
    %load/vec4 v000001383055f910_0;
    %assign/vec4 v000001383055ec90_0, 0;
    %load/vec4 v000001383055e1f0_0;
    %flag_set/vec4 8;
    %jmp/0xz  T_6.4, 8;
    %pushi/vec4 1, 0, 1;
    %assign/vec4 v000001383055e330_0, 0;
    %pushi/vec4 0, 0, 1;
    %assign/vec4 v000001383055e1f0_0, 0;
T_6.4 ;
    %load/vec4 v000001383055faf0_0;
    %flag_set/vec4 8;
    %jmp/0xz  T_6.6, 8;
    %load/vec4 v000001383055e830_0;
    %assign/vec4 v000001383055f690_0, 0;
    %pushi/vec4 1, 0, 1;
    %assign/vec4 v000001383055e1f0_0, 0;
    %pushi/vec4 1, 0, 1;
    %assign/vec4 v000001383055e150_0, 0;
T_6.6 ;
    %load/vec4 v000001383055e150_0;
    %load/vec4 v000001383055ec90_0;
    %and;
    %load/vec4 v000001383055f910_0;
    %nor/r;
    %and;
    %flag_set/vec4 8;
    %jmp/0xz  T_6.8, 8;
    %pushi/vec4 0, 0, 1;
    %assign/vec4 v000001383055e150_0, 0;
T_6.8 ;
    %load/vec4 v000001383055faf0_0;
    %load/vec4 v000001383055eb50_0;
    %concat/vec4; draw_concat_vec4
    %dup/vec4;
    %pushi/vec4 1, 0, 2;
    %cmp/u;
    %jmp/1 T_6.10, 6;
    %dup/vec4;
    %pushi/vec4 2, 0, 2;
    %cmp/u;
    %jmp/1 T_6.11, 6;
    %dup/vec4;
    %pushi/vec4 3, 0, 2;
    %cmp/u;
    %jmp/1 T_6.12, 6;
    %jmp T_6.14;
T_6.10 ;
    %load/vec4 v000001383055f730_0;
    %cmpi/e 0, 0, 5;
    %jmp/0xz  T_6.15, 4;
    %load/vec4 v0000013830560980_0;
    %parti/s 8, 0, 2;
    %assign/vec4 v000001383055e830_0, 0;
    %pushi/vec4 1, 0, 5;
    %assign/vec4 v000001383055f730_0, 0;
    %jmp T_6.16;
T_6.15 ;
    %load/vec4 v0000013830560980_0;
    %parti/s 8, 0, 2;
    %load/vec4 v000001383055e290_0;
    %pad/u 6;
    %ix/vec4 3;
    %ix/load 4, 0, 0; Constant delay
    %assign/vec4/a/d v000001383055e6f0, 0, 4;
    %load/vec4 v000001383055e290_0;
    %addi 1, 0, 4;
    %assign/vec4 v000001383055e290_0, 0;
    %load/vec4 v000001383055f730_0;
    %addi 1, 0, 5;
    %assign/vec4 v000001383055f730_0, 0;
T_6.16 ;
    %jmp T_6.14;
T_6.11 ;
    %load/vec4 v000001383055f730_0;
    %cmpi/u 1, 0, 5;
    %flag_or 5, 4; GT is !LE
    %flag_inv 5;
    %jmp/0xz  T_6.17, 5;
    %load/vec4 v000001383055fb90_0;
    %pad/u 6;
    %ix/vec4 4;
    %load/vec4a v000001383055e6f0, 4;
    %assign/vec4 v000001383055e830_0, 0;
    %load/vec4 v000001383055fb90_0;
    %addi 1, 0, 4;
    %assign/vec4 v000001383055fb90_0, 0;
    %load/vec4 v000001383055f730_0;
    %subi 1, 0, 5;
    %assign/vec4 v000001383055f730_0, 0;
    %jmp T_6.18;
T_6.17 ;
    %pushi/vec4 0, 0, 5;
    %assign/vec4 v000001383055f730_0, 0;
T_6.18 ;
    %jmp T_6.14;
T_6.12 ;
    %load/vec4 v000001383055f730_0;
    %cmpi/e 1, 0, 5;
    %jmp/0xz  T_6.19, 4;
    %load/vec4 v0000013830560980_0;
    %parti/s 8, 0, 2;
    %assign/vec4 v000001383055e830_0, 0;
    %pushi/vec4 1, 0, 5;
    %assign/vec4 v000001383055f730_0, 0;
    %jmp T_6.20;
T_6.19 ;
    %load/vec4 v000001383055fb90_0;
    %pad/u 6;
    %ix/vec4 4;
    %load/vec4a v000001383055e6f0, 4;
    %assign/vec4 v000001383055e830_0, 0;
    %load/vec4 v000001383055fb90_0;
    %addi 1, 0, 4;
    %assign/vec4 v000001383055fb90_0, 0;
    %load/vec4 v0000013830560980_0;
    %parti/s 8, 0, 2;
    %load/vec4 v000001383055e290_0;
    %pad/u 6;
    %ix/vec4 3;
    %ix/load 4, 0, 0; Constant delay
    %assign/vec4/a/d v000001383055e6f0, 0, 4;
    %load/vec4 v000001383055e290_0;
    %addi 1, 0, 4;
    %assign/vec4 v000001383055e290_0, 0;
    %load/vec4 v000001383055f730_0;
    %assign/vec4 v000001383055f730_0, 0;
T_6.20 ;
    %jmp T_6.14;
T_6.14 ;
    %pop/vec4 1;
T_6.3 ;
T_6.1 ;
    %jmp T_6;
    .thread T_6;
    .scope S_00000138304f5ba0;
T_7 ;
    %wait E_00000138304e67e0;
    %load/vec4 v000001383055e5b0_0;
    %parti/s 5, 0, 2;
    %dup/vec4;
    %pushi/vec4 0, 0, 5;
    %cmp/u;
    %jmp/1 T_7.0, 6;
    %dup/vec4;
    %pushi/vec4 4, 0, 5;
    %cmp/u;
    %jmp/1 T_7.1, 6;
    %dup/vec4;
    %pushi/vec4 8, 0, 5;
    %cmp/u;
    %jmp/1 T_7.2, 6;
    %dup/vec4;
    %pushi/vec4 12, 0, 5;
    %cmp/u;
    %jmp/1 T_7.3, 6;
    %dup/vec4;
    %pushi/vec4 16, 0, 5;
    %cmp/u;
    %jmp/1 T_7.4, 6;
    %pushi/vec4 3735928559, 0, 32;
    %store/vec4 v000001383055efb0_0, 0, 32;
    %jmp T_7.6;
T_7.0 ;
    %pushi/vec4 0, 0, 24;
    %load/vec4 v000001383055f690_0;
    %concat/vec4; draw_concat_vec4
    %store/vec4 v000001383055efb0_0, 0, 32;
    %jmp T_7.6;
T_7.1 ;
    %pushi/vec4 0, 0, 25;
    %load/vec4 v000001383055f730_0;
    %concat/vec4; draw_concat_vec4
    %load/vec4 v000001383055f7d0_0;
    %load/vec4 v000001383055f910_0;
    %nor/r;
    %and;
    %concat/vec4; draw_concat_vec4
    %load/vec4 v000001383055ebf0_0;
    %concat/vec4; draw_concat_vec4
    %store/vec4 v000001383055efb0_0, 0, 32;
    %jmp T_7.6;
T_7.2 ;
    %pushi/vec4 0, 0, 24;
    %load/vec4 v000001383055edd0_0;
    %concat/vec4; draw_concat_vec4
    %store/vec4 v000001383055efb0_0, 0, 32;
    %jmp T_7.6;
T_7.3 ;
    %pushi/vec4 0, 0, 22;
    %load/vec4 v000001383055f0f0_0;
    %concat/vec4; draw_concat_vec4
    %load/vec4 v000001383055f4b0_0;
    %concat/vec4; draw_concat_vec4
    %load/vec4 v000001383055e790_0;
    %concat/vec4; draw_concat_vec4
    %load/vec4 v000001383055f050_0;
    %inv;
    %concat/vec4; draw_concat_vec4
    %store/vec4 v000001383055efb0_0, 0, 32;
    %jmp T_7.6;
T_7.4 ;
    %pushi/vec4 0, 0, 32;
    %store/vec4 v000001383055efb0_0, 0, 32;
    %jmp T_7.6;
T_7.6 ;
    %pop/vec4 1;
    %jmp T_7;
    .thread T_7, $push;
    .scope S_0000013830481060;
T_8 ;
    %wait E_00000138304e6460;
    %load/vec4 v0000013830561f60_0;
    %nor/r;
    %flag_set/vec4 8;
    %jmp/0xz  T_8.0, 8;
    %pushi/vec4 1, 0, 1;
    %assign/vec4 v0000013830561600_0, 0;
    %pushi/vec4 1, 0, 1;
    %assign/vec4 v0000013830562000_0, 0;
    %pushi/vec4 1, 0, 1;
    %assign/vec4 v0000013830561740_0, 0;
    %jmp T_8.1;
T_8.0 ;
    %load/vec4 v0000013830560ca0_0;
    %assign/vec4 v0000013830561600_0, 0;
    %load/vec4 v0000013830561600_0;
    %assign/vec4 v0000013830562000_0, 0;
    %load/vec4 v0000013830562000_0;
    %assign/vec4 v0000013830561740_0, 0;
T_8.1 ;
    %jmp T_8;
    .thread T_8;
    .scope S_0000013830481060;
T_9 ;
    %wait E_00000138304e6460;
    %load/vec4 v0000013830561f60_0;
    %nor/r;
    %flag_set/vec4 8;
    %jmp/0xz  T_9.0, 8;
    %pushi/vec4 0, 0, 3;
    %assign/vec4 v0000013830560b60_0, 0;
    %pushi/vec4 0, 0, 8;
    %assign/vec4 v0000013830561420_0, 0;
    %pushi/vec4 0, 0, 1;
    %assign/vec4 v0000013830561240_0, 0;
    %pushi/vec4 0, 0, 16;
    %assign/vec4 v0000013830560340_0, 0;
    %pushi/vec4 0, 0, 3;
    %assign/vec4 v0000013830561560_0, 0;
    %jmp T_9.1;
T_9.0 ;
    %pushi/vec4 0, 0, 1;
    %assign/vec4 v0000013830561240_0, 0;
    %load/vec4 v0000013830560b60_0;
    %dup/vec4;
    %pushi/vec4 0, 0, 3;
    %cmp/u;
    %jmp/1 T_9.2, 6;
    %dup/vec4;
    %pushi/vec4 1, 0, 3;
    %cmp/u;
    %jmp/1 T_9.3, 6;
    %dup/vec4;
    %pushi/vec4 2, 0, 3;
    %cmp/u;
    %jmp/1 T_9.4, 6;
    %dup/vec4;
    %pushi/vec4 3, 0, 3;
    %cmp/u;
    %jmp/1 T_9.5, 6;
    %pushi/vec4 0, 0, 3;
    %assign/vec4 v0000013830560b60_0, 0;
    %jmp T_9.7;
T_9.2 ;
    %pushi/vec4 0, 0, 16;
    %assign/vec4 v0000013830560340_0, 0;
    %pushi/vec4 0, 0, 3;
    %assign/vec4 v0000013830561560_0, 0;
    %load/vec4 v0000013830561a60_0;
    %flag_set/vec4 8;
    %jmp/0xz  T_9.8, 8;
    %pushi/vec4 1, 0, 3;
    %assign/vec4 v0000013830560b60_0, 0;
T_9.8 ;
    %jmp T_9.7;
T_9.3 ;
    %load/vec4 v0000013830560340_0;
    %pad/u 32;
    %cmpi/e 0, 0, 32;
    %jmp/0xz  T_9.10, 4;
    %load/vec4 v0000013830562000_0;
    %cmpi/e 0, 0, 1;
    %jmp/0xz  T_9.12, 4;
    %pushi/vec4 0, 0, 16;
    %assign/vec4 v0000013830560340_0, 0;
    %pushi/vec4 2, 0, 3;
    %assign/vec4 v0000013830560b60_0, 0;
    %jmp T_9.13;
T_9.12 ;
    %pushi/vec4 0, 0, 3;
    %assign/vec4 v0000013830560b60_0, 0;
T_9.13 ;
    %jmp T_9.11;
T_9.10 ;
    %load/vec4 v0000013830560340_0;
    %addi 1, 0, 16;
    %assign/vec4 v0000013830560340_0, 0;
T_9.11 ;
    %jmp T_9.7;
T_9.4 ;
    %load/vec4 v0000013830560340_0;
    %pad/u 32;
    %cmpi/u 2, 0, 32;
    %jmp/0xz  T_9.14, 5;
    %load/vec4 v0000013830560340_0;
    %addi 1, 0, 16;
    %assign/vec4 v0000013830560340_0, 0;
    %jmp T_9.15;
T_9.14 ;
    %pushi/vec4 0, 0, 16;
    %assign/vec4 v0000013830560340_0, 0;
    %load/vec4 v0000013830562000_0;
    %ix/load 5, 0, 0;
    %ix/getv 4, v0000013830561560_0;
    %assign/vec4/off/d v0000013830561420_0, 4, 5;
    %load/vec4 v0000013830561560_0;
    %pad/u 32;
    %cmpi/u 7, 0, 32;
    %jmp/0xz  T_9.16, 5;
    %load/vec4 v0000013830561560_0;
    %addi 1, 0, 3;
    %assign/vec4 v0000013830561560_0, 0;
    %jmp T_9.17;
T_9.16 ;
    %pushi/vec4 0, 0, 3;
    %assign/vec4 v0000013830561560_0, 0;
    %pushi/vec4 3, 0, 3;
    %assign/vec4 v0000013830560b60_0, 0;
T_9.17 ;
T_9.15 ;
    %jmp T_9.7;
T_9.5 ;
    %load/vec4 v0000013830560340_0;
    %pad/u 32;
    %cmpi/u 2, 0, 32;
    %jmp/0xz  T_9.18, 5;
    %load/vec4 v0000013830560340_0;
    %addi 1, 0, 16;
    %assign/vec4 v0000013830560340_0, 0;
    %jmp T_9.19;
T_9.18 ;
    %pushi/vec4 0, 0, 16;
    %assign/vec4 v0000013830560340_0, 0;
    %load/vec4 v0000013830562000_0;
    %cmpi/e 1, 0, 1;
    %jmp/0xz  T_9.20, 4;
    %pushi/vec4 1, 0, 1;
    %assign/vec4 v0000013830561240_0, 0;
T_9.20 ;
    %pushi/vec4 0, 0, 3;
    %assign/vec4 v0000013830560b60_0, 0;
T_9.19 ;
    %jmp T_9.7;
T_9.7 ;
    %pop/vec4 1;
T_9.1 ;
    %jmp T_9;
    .thread T_9;
    .scope S_00000138304f1b40;
T_10 ;
    %pushi/vec4 0, 0, 1;
    %store/vec4 v00000138305617e0_0, 0, 1;
T_10.0 ;
    %delay 5000, 0;
    %load/vec4 v00000138305617e0_0;
    %inv;
    %store/vec4 v00000138305617e0_0, 0, 1;
    %jmp T_10.0;
    %end;
    .thread T_10;
    .scope S_00000138304f1b40;
T_11 ;
    %pushi/vec4 0, 0, 1;
    %store/vec4 v0000013830561ec0_0, 0, 1;
    %pushi/vec4 0, 0, 32;
    %store/vec4 v00000138305607a0_0, 0, 32;
    %pushi/vec4 0, 0, 32;
    %store/vec4 v0000013830561920_0, 0, 32;
    %pushi/vec4 0, 0, 1;
    %store/vec4 v0000013830561060_0, 0, 1;
    %pushi/vec4 0, 0, 1;
    %store/vec4 v0000013830560c00_0, 0, 1;
    %pushi/vec4 0, 0, 32;
    %store/vec4 v0000013830561c40_0, 0, 32;
    %pushi/vec4 1, 0, 1;
    %store/vec4 v00000138305603e0_0, 0, 1;
    %pushi/vec4 4, 0, 32;
T_11.0 %dup/vec4;
    %pushi/vec4 0, 0, 32;
    %cmp/s;
    %jmp/1xz T_11.1, 5;
    %jmp/1 T_11.1, 4;
    %pushi/vec4 1, 0, 32;
    %sub;
    %wait E_00000138304e4be0;
    %jmp T_11.0;
T_11.1 ;
    %pop/vec4 1;
    %pushi/vec4 1, 0, 1;
    %store/vec4 v0000013830561ec0_0, 0, 1;
    %alloc S_000001383052dd90;
    %pushi/vec4 90, 0, 8;
    %store/vec4 v0000013830560fc0_0, 0, 8;
    %fork TD_tb_uart_peripheral_basic.send_serial_byte, S_000001383052dd90;
    %join;
    %free S_000001383052dd90;
    %pushi/vec4 3, 0, 32;
T_11.2 %dup/vec4;
    %pushi/vec4 0, 0, 32;
    %cmp/s;
    %jmp/1xz T_11.3, 5;
    %jmp/1 T_11.3, 4;
    %pushi/vec4 1, 0, 32;
    %sub;
    %wait E_00000138304e4be0;
    %jmp T_11.2;
T_11.3 ;
    %pop/vec4 1;
    %pushi/vec4 268435468, 0, 32;
    %store/vec4 v00000138305607a0_0, 0, 32;
    %pushi/vec4 1, 0, 1;
    %store/vec4 v0000013830560c00_0, 0, 1;
    %delay 1000, 0;
    %load/vec4 v0000013830560de0_0;
    %nor/r;
    %flag_set/vec4 8;
    %load/vec4 v0000013830560840_0;
    %parti/s 1, 0, 2;
    %nor/r;
    %flag_set/vec4 9;
    %flag_or 9, 8;
    %jmp/0xz  T_11.4, 9;
    %alloc S_0000013830480ed0;
    %pushi/vec4 3940958408, 0, 33;
    %concati/vec4 3536339164, 0, 32;
    %concati/vec4 3739762916, 0, 32;
    %concati/vec4 3403734756, 0, 32;
    %concati/vec4 3896558316, 0, 32;
    %concati/vec4 3268597954, 0, 32;
    %concati/vec4 3302541888, 0, 32;
    %concati/vec4 1652126821, 0, 31;
    %store/vec4 v00000138305616a0_0, 0, 256;
    %fork TD_tb_uart_peripheral_basic.fail, S_0000013830480ed0;
    %join;
    %free S_0000013830480ed0;
T_11.4 ;
    %wait E_00000138304e4be0;
    %pushi/vec4 0, 0, 1;
    %store/vec4 v0000013830560c00_0, 0, 1;
    %pushi/vec4 268435464, 0, 32;
    %store/vec4 v00000138305607a0_0, 0, 32;
    %pushi/vec4 1, 0, 1;
    %store/vec4 v0000013830560c00_0, 0, 1;
    %delay 1000, 0;
    %load/vec4 v0000013830560de0_0;
    %nor/r;
    %flag_set/vec4 8;
    %load/vec4 v0000013830560840_0;
    %parti/s 8, 0, 2;
    %cmpi/ne 90, 0, 8;
    %flag_or 6, 8;
    %jmp/0xz  T_11.6, 6;
    %alloc S_0000013830480ed0;
    %pushi/vec4 0, 0, 32; draw_string_vec4
    %pushi/vec4 0, 0, 32; draw_string_vec4
    %concat/vec4; draw_string_vec4
    %pushi/vec4 0, 0, 32; draw_string_vec4
    %concat/vec4; draw_string_vec4
    %pushi/vec4 0, 0, 32; draw_string_vec4
    %concat/vec4; draw_string_vec4
    %pushi/vec4 1381507172, 0, 32; draw_string_vec4
    %concat/vec4; draw_string_vec4
    %pushi/vec4 1635016992, 0, 32; draw_string_vec4
    %concat/vec4; draw_string_vec4
    %pushi/vec4 1835627373, 0, 32; draw_string_vec4
    %concat/vec4; draw_string_vec4
    %pushi/vec4 1635017576, 0, 32; draw_string_vec4
    %concat/vec4; draw_string_vec4
    %store/vec4 v00000138305616a0_0, 0, 256;
    %fork TD_tb_uart_peripheral_basic.fail, S_0000013830480ed0;
    %join;
    %free S_0000013830480ed0;
T_11.6 ;
    %wait E_00000138304e4be0;
    %pushi/vec4 0, 0, 1;
    %store/vec4 v0000013830560c00_0, 0, 1;
    %pushi/vec4 268435456, 0, 32;
    %store/vec4 v0000013830561920_0, 0, 32;
    %pushi/vec4 51, 0, 32;
    %store/vec4 v0000013830561c40_0, 0, 32;
    %pushi/vec4 1, 0, 1;
    %store/vec4 v0000013830561060_0, 0, 1;
    %delay 1000, 0;
    %load/vec4 v0000013830560de0_0;
    %nor/r;
    %flag_set/vec4 8;
    %jmp/0xz  T_11.8, 8;
    %alloc S_0000013830480ed0;
    %pushi/vec4 0, 0, 32; draw_string_vec4
    %pushi/vec4 84, 0, 32; draw_string_vec4
    %concat/vec4; draw_string_vec4
    %pushi/vec4 1478522738, 0, 32; draw_string_vec4
    %concat/vec4; draw_string_vec4
    %pushi/vec4 1769235744, 0, 32; draw_string_vec4
    %concat/vec4; draw_string_vec4
    %pushi/vec4 2002875168, 0, 32; draw_string_vec4
    %concat/vec4; draw_string_vec4
    %pushi/vec4 1852797984, 0, 32; draw_string_vec4
    %concat/vec4; draw_string_vec4
    %pushi/vec4 1633903461, 0, 32; draw_string_vec4
    %concat/vec4; draw_string_vec4
    %pushi/vec4 1886676324, 0, 32; draw_string_vec4
    %concat/vec4; draw_string_vec4
    %store/vec4 v00000138305616a0_0, 0, 256;
    %fork TD_tb_uart_peripheral_basic.fail, S_0000013830480ed0;
    %join;
    %free S_0000013830480ed0;
T_11.8 ;
    %wait E_00000138304e4be0;
    %pushi/vec4 0, 0, 1;
    %store/vec4 v0000013830561060_0, 0, 1;
    %pushi/vec4 0, 0, 1;
    %store/vec4 v00000138305602a0_0, 0, 1;
    %pushi/vec4 40, 0, 32;
T_11.10 %dup/vec4;
    %pushi/vec4 0, 0, 32;
    %cmp/s;
    %jmp/1xz T_11.11, 5;
    %jmp/1 T_11.11, 4;
    %pushi/vec4 1, 0, 32;
    %sub;
    %wait E_00000138304e4be0;
    %load/vec4 v0000013830561ba0_0;
    %flag_set/vec4 8;
    %jmp/0xz  T_11.12, 8;
    %pushi/vec4 1, 0, 1;
    %store/vec4 v00000138305602a0_0, 0, 1;
T_11.12 ;
    %jmp T_11.10;
T_11.11 ;
    %pop/vec4 1;
    %load/vec4 v00000138305602a0_0;
    %nor/r;
    %flag_set/vec4 8;
    %load/vec4 v0000013830561b00_0;
    %cmpi/ne 51, 0, 8;
    %flag_or 6, 8;
    %jmp/0xz  T_11.14, 6;
    %alloc S_0000013830480ed0;
    %pushi/vec4 0, 0, 32; draw_string_vec4
    %pushi/vec4 84, 0, 32; draw_string_vec4
    %concat/vec4; draw_string_vec4
    %pushi/vec4 1478521701, 0, 32; draw_string_vec4
    %concat/vec4; draw_string_vec4
    %pushi/vec4 1919508844, 0, 32; draw_string_vec4
    %concat/vec4; draw_string_vec4
    %pushi/vec4 544175476, 0, 32; draw_string_vec4
    %concat/vec4; draw_string_vec4
    %pushi/vec4 1886745632, 0, 32; draw_string_vec4
    %concat/vec4; draw_string_vec4
    %pushi/vec4 1835627373, 0, 32; draw_string_vec4
    %concat/vec4; draw_string_vec4
    %pushi/vec4 1635017576, 0, 32; draw_string_vec4
    %concat/vec4; draw_string_vec4
    %store/vec4 v00000138305616a0_0, 0, 256;
    %fork TD_tb_uart_peripheral_basic.fail, S_0000013830480ed0;
    %join;
    %free S_0000013830480ed0;
T_11.14 ;
    %vpi_call/w 3 127 "$display", "TB_UART_PERIPHERAL_BASIC PASS" {0 0 0};
    %vpi_call/w 3 128 "$finish" {0 0 0};
    %end;
    .thread T_11;
# The file index is used to find the file name in the following table.
:file_names 7;
    "N/A";
    "<interactive>";
    "-";
    "test benches\tb_uart_peripheral_basic.v";
    "uart_peripheral.v";
    "uart_rx.v";
    "uart_tx.v";
